------ Representatives found: B.1.1.28
-- Number of representatives: 18
Subdirectory 'B.1.1.28' created.
------ Representatives found: B.1.1.33
-- Number of representatives: 10
Subdirectory 'B.1.1.33' created.
------ Representatives found: P.2
-- Number of representatives: 42
Subdirectory 'P.2' created.
No representatives found: B.1
------ Representatives found: P.7
-- Number of representatives: 2
Subdirectory 'P.7' created.
------ Representatives found: B.1.1
-- Number of representatives: 3
Subdirectory 'B.1.1' created.
No representatives found: B.1.1.332
------ Representatives found: P.1
-- Number of representatives: 143
Subdirectory 'P.1' created.
No representatives found: P.1.2
------ Representatives found: P.1.7
-- Number of representatives: 5
Subdirectory 'P.1.7' created.
------ Representatives found: AY.101
-- Number of representatives: 33
Subdirectory 'AY.101' created.
------ Representatives found: AY.99.2
-- Number of representatives: 13
Subdirectory 'AY.99.2' created.
------ Representatives found: AY.122
-- Number of representatives: 2
Subdirectory 'AY.122' created.
No representatives found: AY.43
No representatives found: B.1.1.529
------ Representatives found: BA.1.15
-- Number of representatives: 19
Subdirectory 'BA.1.15' created.
------ Representatives found: BA.1.5
-- Number of representatives: 2
Subdirectory 'BA.1.5' created.
------ Representatives found: BA.1.1
-- Number of representatives: 72
Subdirectory 'BA.1.1' created.
------ Representatives found: BA.1.17
-- Number of representatives: 6
Subdirectory 'BA.1.17' created.
------ Representatives found: BA.1
-- Number of representatives: 65
Subdirectory 'BA.1' created.
------ Representatives found: BA.1.14.1
-- Number of representatives: 11
Subdirectory 'BA.1.14.1' created.
No representatives found: BA.1.17.2
No representatives found: BA.1.1.1
No representatives found: BA.1.15.1
------ Representatives found: BA.1.14
-- Number of representatives: 3
Subdirectory 'BA.1.14' created.
------ Representatives found: BA.1.18
-- Number of representatives: 2
Subdirectory 'BA.1.18' created.
------ Representatives found: BA.1.1.14
-- Number of representatives: 9
Subdirectory 'BA.1.1.14' created.
------ Representatives found: BA.2
-- Number of representatives: 11
Subdirectory 'BA.2' created.
No representatives found: BA.1.14.2
------ Representatives found: BA.2.56
-- Number of representatives: 5
Subdirectory 'BA.2.56' created.
------ Representatives found: BA.4.6
-- Number of representatives: 7
Subdirectory 'BA.4.6' created.
------ Representatives found: BE.1
-- Number of representatives: 13
Subdirectory 'BE.1' created.
------ Representatives found: BA.5.2.1
-- Number of representatives: 40
Subdirectory 'BA.5.2.1' created.
------ Representatives found: BA.4
-- Number of representatives: 5
Subdirectory 'BA.4' created.
------ Representatives found: BA.5.3
-- Number of representatives: 11
Subdirectory 'BA.5.3' created.
------ Representatives found: BA.5.1
-- Number of representatives: 9
Subdirectory 'BA.5.1' created.
------ Representatives found: BA.2.23
-- Number of representatives: 2
Subdirectory 'BA.2.23' created.
------ Representatives found: BA.4.1
-- Number of representatives: 3
Subdirectory 'BA.4.1' created.
No representatives found: AY.36
------ Representatives found: AY.46.3
-- Number of representatives: 2
Subdirectory 'AY.46.3' created.
No representatives found: BF.39
------ Representatives found: BE.10
-- Number of representatives: 2
Subdirectory 'BE.10' created.
No representatives found: BE.1.1.1
No representatives found: BQ.1.23
------ Representatives found: BE.9
-- Number of representatives: 3
Subdirectory 'BE.9' created.
------ Representatives found: BQ.1.1
-- Number of representatives: 3
Subdirectory 'BQ.1.1' created.
No representatives found: BA.5.6
------ Representatives found: DL.1
-- Number of representatives: 4
Subdirectory 'DL.1' created.
No representatives found: XBB.1
No representatives found: BQ.1.5
No representatives found: BA.5.3.1
No representatives found: BA.5.2
No representatives found: BA.2.12.1
No representatives found: BA.5.1.15
No representatives found: BA.5.2.10
No representatives found: BA.2.9
