2024-02-10 10:04:16,613 - __main__ - INFO - Running Epitope Prediction And Annotation version: 1.1
2024-02-10 10:04:16,614 - __main__ - INFO - Starting predictions at 2024-02-10 10:04:16
2024-02-10 10:04:16,614 - __main__ - INFO - Running epaa for variants...
2024-02-10 10:04:17,721 - __main__ - ERROR - No supported variant annotation string found. Skipping...
2024-02-10 10:04:17,721 - __main__ - ERROR - No supported variant annotation string found. Skipping...
2024-02-10 10:04:17,724 - __main__ - ERROR - No supported variant annotation string found. Skipping...
2024-02-10 10:04:17,725 - __main__ - ERROR - No supported variant annotation string found. Skipping...
2024-02-10 10:04:17,734 - __main__ - ERROR - No supported variant annotation string found. Skipping...
2024-02-10 10:04:17,736 - __main__ - ERROR - No supported variant annotation string found. Skipping...
2024-02-10 10:04:17,760 - __main__ - ERROR - No supported variant annotation string found. Skipping...
2024-02-10 10:04:17,761 - __main__ - ERROR - No supported variant annotation string found. Skipping...
2024-02-10 10:04:17,763 - __main__ - ERROR - No supported variant annotation string found. Skipping...
2024-02-10 17:50:48,071 - __main__ - INFO - Running Epitope Prediction And Annotation version: 1.1
2024-02-10 17:50:48,071 - __main__ - INFO - Starting predictions at 2024-02-10 17:50:48
2024-02-10 17:50:48,072 - __main__ - INFO - Running epaa for variants...
2024-02-10 17:50:49,228 - __main__ - ERROR - No supported variant annotation string found. Skipping...
2024-02-10 17:50:49,229 - __main__ - ERROR - No supported variant annotation string found. Skipping...
2024-02-10 17:50:49,231 - __main__ - ERROR - No supported variant annotation string found. Skipping...
2024-02-10 17:50:49,232 - __main__ - ERROR - No supported variant annotation string found. Skipping...
2024-02-10 17:50:49,240 - __main__ - ERROR - No supported variant annotation string found. Skipping...
2024-02-10 17:50:49,241 - __main__ - ERROR - No supported variant annotation string found. Skipping...
2024-02-10 17:50:49,255 - __main__ - ERROR - No supported variant annotation string found. Skipping...
2024-02-10 17:50:49,256 - __main__ - ERROR - No supported variant annotation string found. Skipping...
2024-02-10 17:50:49,257 - __main__ - ERROR - No supported variant annotation string found. Skipping...
2024-02-10 17:52:19,976 - __main__ - INFO - Running Epitope Prediction And Annotation version: 1.1
2024-02-10 17:52:19,976 - __main__ - INFO - Starting predictions at 2024-02-10 17:52:19
2024-02-10 17:52:19,976 - __main__ - INFO - Running epaa for variants...
2024-02-10 17:52:21,087 - __main__ - ERROR - No supported variant annotation string found. Skipping...
2024-02-10 17:52:21,088 - __main__ - ERROR - No supported variant annotation string found. Skipping...
2024-02-10 17:52:21,090 - __main__ - ERROR - No supported variant annotation string found. Skipping...
2024-02-10 17:52:21,091 - __main__ - ERROR - No supported variant annotation string found. Skipping...
2024-02-10 17:52:21,098 - __main__ - ERROR - No supported variant annotation string found. Skipping...
2024-02-10 17:52:21,100 - __main__ - ERROR - No supported variant annotation string found. Skipping...
2024-02-10 17:52:21,117 - __main__ - ERROR - No supported variant annotation string found. Skipping...
2024-02-10 17:52:21,118 - __main__ - ERROR - No supported variant annotation string found. Skipping...
2024-02-10 17:52:21,119 - __main__ - ERROR - No supported variant annotation string found. Skipping...
2024-02-10 18:38:02,448 - __main__ - INFO - Running Epitope Prediction And Annotation version: 1.1
2024-02-10 18:38:02,448 - __main__ - INFO - Starting predictions at 2024-02-10 18:38:02
2024-02-10 18:38:02,448 - __main__ - INFO - Running epaa for variants...
2024-02-10 18:38:03,559 - __main__ - ERROR - No supported variant annotation string found. Skipping...
2024-02-10 18:38:03,559 - __main__ - ERROR - No supported variant annotation string found. Skipping...
2024-02-10 18:38:03,562 - __main__ - ERROR - No supported variant annotation string found. Skipping...
2024-02-10 18:38:03,562 - __main__ - ERROR - No supported variant annotation string found. Skipping...
2024-02-10 18:38:03,570 - __main__ - ERROR - No supported variant annotation string found. Skipping...
2024-02-10 18:38:03,571 - __main__ - ERROR - No supported variant annotation string found. Skipping...
2024-02-10 18:38:03,586 - __main__ - ERROR - No supported variant annotation string found. Skipping...
2024-02-10 18:38:03,587 - __main__ - ERROR - No supported variant annotation string found. Skipping...
2024-02-10 18:38:03,588 - __main__ - ERROR - No supported variant annotation string found. Skipping...
2024-02-10 18:53:31,781 - __main__ - INFO - Running Epitope Prediction And Annotation version: 1.1
2024-02-10 18:53:31,781 - __main__ - INFO - Starting predictions at 2024-02-10 18:53:31
2024-02-10 18:53:31,781 - __main__ - INFO - Running epaa for variants...
2024-02-10 18:53:32,917 - __main__ - ERROR - No supported variant annotation string found. Skipping...
2024-02-10 18:53:32,918 - __main__ - ERROR - No supported variant annotation string found. Skipping...
2024-02-10 18:53:32,920 - __main__ - ERROR - No supported variant annotation string found. Skipping...
2024-02-10 18:53:32,921 - __main__ - ERROR - No supported variant annotation string found. Skipping...
2024-02-10 18:53:32,928 - __main__ - ERROR - No supported variant annotation string found. Skipping...
2024-02-10 18:53:32,929 - __main__ - ERROR - No supported variant annotation string found. Skipping...
2024-02-10 18:53:32,948 - __main__ - ERROR - No supported variant annotation string found. Skipping...
2024-02-10 18:53:32,949 - __main__ - ERROR - No supported variant annotation string found. Skipping...
2024-02-10 18:53:32,950 - __main__ - ERROR - No supported variant annotation string found. Skipping...
2024-02-10 18:54:03,131 - __main__ - INFO - Running Epitope Prediction And Annotation version: 1.1
2024-02-10 18:54:03,131 - __main__ - INFO - Starting predictions at 2024-02-10 18:54:03
2024-02-10 18:54:03,131 - __main__ - INFO - Running epaa for variants...
2024-02-10 18:54:04,286 - __main__ - ERROR - No supported variant annotation string found. Skipping...
2024-02-10 18:54:04,287 - __main__ - ERROR - No supported variant annotation string found. Skipping...
2024-02-10 18:54:04,289 - __main__ - ERROR - No supported variant annotation string found. Skipping...
2024-02-10 18:54:04,290 - __main__ - ERROR - No supported variant annotation string found. Skipping...
2024-02-10 18:54:04,298 - __main__ - ERROR - No supported variant annotation string found. Skipping...
2024-02-10 18:54:04,300 - __main__ - ERROR - No supported variant annotation string found. Skipping...
2024-02-10 18:54:04,315 - __main__ - ERROR - No supported variant annotation string found. Skipping...
2024-02-10 18:54:04,318 - __main__ - ERROR - No supported variant annotation string found. Skipping...
2024-02-10 18:54:04,320 - __main__ - ERROR - No supported variant annotation string found. Skipping...
2024-02-10 18:55:08,856 - __main__ - INFO - Running Epitope Prediction And Annotation version: 1.1
2024-02-10 18:55:08,856 - __main__ - INFO - Starting predictions at 2024-02-10 18:55:08
2024-02-10 18:55:08,856 - __main__ - INFO - Running epaa for variants...
2024-02-10 18:55:09,940 - __main__ - ERROR - No supported variant annotation string found. Skipping...
2024-02-10 18:55:09,941 - __main__ - ERROR - No supported variant annotation string found. Skipping...
2024-02-10 18:55:09,943 - __main__ - ERROR - No supported variant annotation string found. Skipping...
2024-02-10 18:55:09,944 - __main__ - ERROR - No supported variant annotation string found. Skipping...
2024-02-10 18:55:09,951 - __main__ - ERROR - No supported variant annotation string found. Skipping...
2024-02-10 18:55:09,954 - __main__ - ERROR - No supported variant annotation string found. Skipping...
2024-02-10 18:55:09,977 - __main__ - ERROR - No supported variant annotation string found. Skipping...
2024-02-10 18:55:09,978 - __main__ - ERROR - No supported variant annotation string found. Skipping...
2024-02-10 18:55:09,979 - __main__ - ERROR - No supported variant annotation string found. Skipping...
2024-02-10 18:55:25,104 - __main__ - WARNING - Prediction for length 8 and allele HLA-A*01:01 not possible with syfpeithi version 1.0.
2024-02-10 18:57:17,078 - __main__ - INFO - Running Epitope Prediction And Annotation version: 1.1
2024-02-10 18:57:17,078 - __main__ - INFO - Starting predictions at 2024-02-10 18:57:17
2024-02-10 18:57:17,078 - __main__ - INFO - Running epaa for variants...
2024-02-10 18:57:18,184 - __main__ - ERROR - No supported variant annotation string found. Skipping...
2024-02-10 18:57:18,185 - __main__ - ERROR - No supported variant annotation string found. Skipping...
2024-02-10 18:57:18,187 - __main__ - ERROR - No supported variant annotation string found. Skipping...
2024-02-10 18:57:18,188 - __main__ - ERROR - No supported variant annotation string found. Skipping...
2024-02-10 18:57:18,195 - __main__ - ERROR - No supported variant annotation string found. Skipping...
2024-02-10 18:57:18,197 - __main__ - ERROR - No supported variant annotation string found. Skipping...
2024-02-10 18:57:18,212 - __main__ - ERROR - No supported variant annotation string found. Skipping...
2024-02-10 18:57:18,214 - __main__ - ERROR - No supported variant annotation string found. Skipping...
2024-02-10 18:57:18,217 - __main__ - ERROR - No supported variant annotation string found. Skipping...
2024-02-10 18:58:11,902 - __main__ - INFO - Running Epitope Prediction And Annotation version: 1.1
2024-02-10 18:58:11,902 - __main__ - INFO - Starting predictions at 2024-02-10 18:58:11
2024-02-10 18:58:11,902 - __main__ - INFO - Running epaa for variants...
2024-02-10 18:58:13,035 - __main__ - ERROR - No supported variant annotation string found. Skipping...
2024-02-10 18:58:13,036 - __main__ - ERROR - No supported variant annotation string found. Skipping...
2024-02-10 18:58:13,038 - __main__ - ERROR - No supported variant annotation string found. Skipping...
2024-02-10 18:58:13,039 - __main__ - ERROR - No supported variant annotation string found. Skipping...
2024-02-10 18:58:13,049 - __main__ - ERROR - No supported variant annotation string found. Skipping...
2024-02-10 18:58:13,051 - __main__ - ERROR - No supported variant annotation string found. Skipping...
2024-02-10 18:58:13,067 - __main__ - ERROR - No supported variant annotation string found. Skipping...
2024-02-10 18:58:13,068 - __main__ - ERROR - No supported variant annotation string found. Skipping...
2024-02-10 18:58:13,069 - __main__ - ERROR - No supported variant annotation string found. Skipping...
2024-02-10 18:59:26,916 - __main__ - INFO - Running Epitope Prediction And Annotation version: 1.1
2024-02-10 18:59:26,916 - __main__ - INFO - Starting predictions at 2024-02-10 18:59:26
2024-02-10 18:59:26,916 - __main__ - INFO - Running epaa for variants...
2024-02-10 18:59:28,019 - __main__ - ERROR - No supported variant annotation string found. Skipping...
2024-02-10 18:59:28,020 - __main__ - ERROR - No supported variant annotation string found. Skipping...
2024-02-10 18:59:28,022 - __main__ - ERROR - No supported variant annotation string found. Skipping...
2024-02-10 18:59:28,023 - __main__ - ERROR - No supported variant annotation string found. Skipping...
2024-02-10 18:59:28,031 - __main__ - ERROR - No supported variant annotation string found. Skipping...
2024-02-10 18:59:28,032 - __main__ - ERROR - No supported variant annotation string found. Skipping...
2024-02-10 18:59:28,052 - __main__ - ERROR - No supported variant annotation string found. Skipping...
2024-02-10 18:59:28,054 - __main__ - ERROR - No supported variant annotation string found. Skipping...
2024-02-10 18:59:28,056 - __main__ - ERROR - No supported variant annotation string found. Skipping...
2024-02-10 19:00:07,601 - __main__ - INFO - Running Epitope Prediction And Annotation version: 1.1
2024-02-10 19:00:07,601 - __main__ - INFO - Starting predictions at 2024-02-10 19:00:07
2024-02-10 19:00:07,601 - __main__ - INFO - Running epaa for variants...
2024-02-10 19:00:08,713 - __main__ - ERROR - No supported variant annotation string found. Skipping...
2024-02-10 19:00:08,713 - __main__ - ERROR - No supported variant annotation string found. Skipping...
2024-02-10 19:00:08,716 - __main__ - ERROR - No supported variant annotation string found. Skipping...
2024-02-10 19:00:08,717 - __main__ - ERROR - No supported variant annotation string found. Skipping...
2024-02-10 19:00:08,724 - __main__ - ERROR - No supported variant annotation string found. Skipping...
2024-02-10 19:00:08,726 - __main__ - ERROR - No supported variant annotation string found. Skipping...
2024-02-10 19:00:08,740 - __main__ - ERROR - No supported variant annotation string found. Skipping...
2024-02-10 19:00:08,741 - __main__ - ERROR - No supported variant annotation string found. Skipping...
2024-02-10 19:00:08,742 - __main__ - ERROR - No supported variant annotation string found. Skipping...
2024-02-10 19:04:38,828 - __main__ - INFO - Running Epitope Prediction And Annotation version: 1.1
2024-02-10 19:04:38,828 - __main__ - INFO - Starting predictions at 2024-02-10 19:04:38
2024-02-10 19:04:38,828 - __main__ - INFO - Running epaa for variants...
2024-02-10 19:04:39,942 - __main__ - ERROR - No supported variant annotation string found. Skipping...
2024-02-10 19:04:39,942 - __main__ - ERROR - No supported variant annotation string found. Skipping...
2024-02-10 19:04:39,945 - __main__ - ERROR - No supported variant annotation string found. Skipping...
2024-02-10 19:04:39,946 - __main__ - ERROR - No supported variant annotation string found. Skipping...
2024-02-10 19:04:39,953 - __main__ - ERROR - No supported variant annotation string found. Skipping...
2024-02-10 19:04:39,955 - __main__ - ERROR - No supported variant annotation string found. Skipping...
2024-02-10 19:04:39,973 - __main__ - ERROR - No supported variant annotation string found. Skipping...
2024-02-10 19:04:39,974 - __main__ - ERROR - No supported variant annotation string found. Skipping...
2024-02-10 19:04:39,976 - __main__ - ERROR - No supported variant annotation string found. Skipping...
2024-02-10 19:07:02,075 - __main__ - INFO - Running Epitope Prediction And Annotation version: 1.1
2024-02-10 19:07:02,076 - __main__ - INFO - Starting predictions at 2024-02-10 19:07:02
2024-02-10 19:07:02,076 - __main__ - INFO - Running epaa for variants...
2024-02-10 19:07:03,210 - __main__ - ERROR - No supported variant annotation string found. Skipping...
2024-02-10 19:07:03,210 - __main__ - ERROR - No supported variant annotation string found. Skipping...
2024-02-10 19:07:03,213 - __main__ - ERROR - No supported variant annotation string found. Skipping...
2024-02-10 19:07:03,214 - __main__ - ERROR - No supported variant annotation string found. Skipping...
2024-02-10 19:07:03,223 - __main__ - ERROR - No supported variant annotation string found. Skipping...
2024-02-10 19:07:03,225 - __main__ - ERROR - No supported variant annotation string found. Skipping...
2024-02-10 19:07:03,244 - __main__ - ERROR - No supported variant annotation string found. Skipping...
2024-02-10 19:07:03,245 - __main__ - ERROR - No supported variant annotation string found. Skipping...
2024-02-10 19:07:03,246 - __main__ - ERROR - No supported variant annotation string found. Skipping...
2024-02-10 19:08:07,667 - __main__ - INFO - Running Epitope Prediction And Annotation version: 1.1
2024-02-10 19:08:07,667 - __main__ - INFO - Starting predictions at 2024-02-10 19:08:07
2024-02-10 19:08:07,667 - __main__ - INFO - Running epaa for variants...
2024-02-10 19:08:08,811 - __main__ - ERROR - No supported variant annotation string found. Skipping...
2024-02-10 19:08:08,811 - __main__ - ERROR - No supported variant annotation string found. Skipping...
2024-02-10 19:08:08,814 - __main__ - ERROR - No supported variant annotation string found. Skipping...
2024-02-10 19:08:08,815 - __main__ - ERROR - No supported variant annotation string found. Skipping...
2024-02-10 19:08:08,822 - __main__ - ERROR - No supported variant annotation string found. Skipping...
2024-02-10 19:08:08,823 - __main__ - ERROR - No supported variant annotation string found. Skipping...
2024-02-10 19:08:08,838 - __main__ - ERROR - No supported variant annotation string found. Skipping...
2024-02-10 19:08:08,839 - __main__ - ERROR - No supported variant annotation string found. Skipping...
2024-02-10 19:08:08,841 - __main__ - ERROR - No supported variant annotation string found. Skipping...
2024-02-10 19:10:00,125 - __main__ - INFO - Running Epitope Prediction And Annotation version: 1.1
2024-02-10 19:10:00,125 - __main__ - INFO - Starting predictions at 2024-02-10 19:10:00
2024-02-10 19:10:00,125 - __main__ - INFO - Running epaa for variants...
2024-02-10 19:10:01,230 - __main__ - ERROR - No supported variant annotation string found. Skipping...
2024-02-10 19:10:01,231 - __main__ - ERROR - No supported variant annotation string found. Skipping...
2024-02-10 19:10:01,233 - __main__ - ERROR - No supported variant annotation string found. Skipping...
2024-02-10 19:10:01,235 - __main__ - ERROR - No supported variant annotation string found. Skipping...
2024-02-10 19:10:01,242 - __main__ - ERROR - No supported variant annotation string found. Skipping...
2024-02-10 19:10:01,244 - __main__ - ERROR - No supported variant annotation string found. Skipping...
2024-02-10 19:10:01,262 - __main__ - ERROR - No supported variant annotation string found. Skipping...
2024-02-10 19:10:01,263 - __main__ - ERROR - No supported variant annotation string found. Skipping...
2024-02-10 19:10:01,264 - __main__ - ERROR - No supported variant annotation string found. Skipping...
2024-02-10 19:19:12,189 - __main__ - INFO - Running Epitope Prediction And Annotation version: 1.1
2024-02-10 19:19:12,189 - __main__ - INFO - Starting predictions at 2024-02-10 19:19:12
2024-02-10 19:19:12,189 - __main__ - INFO - Running epaa for variants...
2024-02-10 19:19:13,290 - __main__ - ERROR - No supported variant annotation string found. Skipping...
2024-02-10 19:19:13,291 - __main__ - ERROR - No supported variant annotation string found. Skipping...
2024-02-10 19:19:13,293 - __main__ - ERROR - No supported variant annotation string found. Skipping...
2024-02-10 19:19:13,294 - __main__ - ERROR - No supported variant annotation string found. Skipping...
2024-02-10 19:19:13,301 - __main__ - ERROR - No supported variant annotation string found. Skipping...
2024-02-10 19:19:13,302 - __main__ - ERROR - No supported variant annotation string found. Skipping...
2024-02-10 19:19:13,318 - __main__ - ERROR - No supported variant annotation string found. Skipping...
2024-02-10 19:19:13,318 - __main__ - ERROR - No supported variant annotation string found. Skipping...
2024-02-10 19:19:13,320 - __main__ - ERROR - No supported variant annotation string found. Skipping...
2024-02-10 19:22:17,904 - __main__ - INFO - Running Epitope Prediction And Annotation version: 1.1
2024-02-10 19:22:17,904 - __main__ - INFO - Starting predictions at 2024-02-10 19:22:17
2024-02-10 19:22:17,904 - __main__ - INFO - Running epaa for variants...
2024-02-10 19:22:19,031 - __main__ - ERROR - No supported variant annotation string found. Skipping...
2024-02-10 19:22:19,031 - __main__ - ERROR - No supported variant annotation string found. Skipping...
2024-02-10 19:22:19,033 - __main__ - ERROR - No supported variant annotation string found. Skipping...
2024-02-10 19:22:19,034 - __main__ - ERROR - No supported variant annotation string found. Skipping...
2024-02-10 19:22:19,042 - __main__ - ERROR - No supported variant annotation string found. Skipping...
2024-02-10 19:22:19,044 - __main__ - ERROR - No supported variant annotation string found. Skipping...
2024-02-10 19:22:19,061 - __main__ - ERROR - No supported variant annotation string found. Skipping...
2024-02-10 19:22:19,063 - __main__ - ERROR - No supported variant annotation string found. Skipping...
2024-02-10 19:22:19,065 - __main__ - ERROR - No supported variant annotation string found. Skipping...
2024-02-10 19:22:50,805 - __main__ - INFO - Running Epitope Prediction And Annotation version: 1.1
2024-02-10 19:22:50,806 - __main__ - INFO - Starting predictions at 2024-02-10 19:22:50
2024-02-10 19:22:50,806 - __main__ - INFO - Running epaa for variants...
2024-02-10 19:22:51,951 - __main__ - ERROR - No supported variant annotation string found. Skipping...
2024-02-10 19:22:51,951 - __main__ - ERROR - No supported variant annotation string found. Skipping...
2024-02-10 19:22:51,955 - __main__ - ERROR - No supported variant annotation string found. Skipping...
2024-02-10 19:22:51,956 - __main__ - ERROR - No supported variant annotation string found. Skipping...
2024-02-10 19:22:51,965 - __main__ - ERROR - No supported variant annotation string found. Skipping...
2024-02-10 19:22:51,966 - __main__ - ERROR - No supported variant annotation string found. Skipping...
2024-02-10 19:22:51,980 - __main__ - ERROR - No supported variant annotation string found. Skipping...
2024-02-10 19:22:51,982 - __main__ - ERROR - No supported variant annotation string found. Skipping...
2024-02-10 19:22:51,984 - __main__ - ERROR - No supported variant annotation string found. Skipping...
2024-02-10 19:24:10,103 - __main__ - INFO - Running Epitope Prediction And Annotation version: 1.1
2024-02-10 19:24:10,103 - __main__ - INFO - Starting predictions at 2024-02-10 19:24:10
2024-02-10 19:24:10,103 - __main__ - INFO - Running epaa for variants...
2024-02-10 19:24:11,266 - __main__ - ERROR - No supported variant annotation string found. Skipping...
2024-02-10 19:24:11,266 - __main__ - ERROR - No supported variant annotation string found. Skipping...
2024-02-10 19:24:11,268 - __main__ - ERROR - No supported variant annotation string found. Skipping...
2024-02-10 19:24:11,269 - __main__ - ERROR - No supported variant annotation string found. Skipping...
2024-02-10 19:24:11,277 - __main__ - ERROR - No supported variant annotation string found. Skipping...
2024-02-10 19:24:11,279 - __main__ - ERROR - No supported variant annotation string found. Skipping...
2024-02-10 19:24:11,303 - __main__ - ERROR - No supported variant annotation string found. Skipping...
2024-02-10 19:24:11,303 - __main__ - ERROR - No supported variant annotation string found. Skipping...
2024-02-10 19:24:11,304 - __main__ - ERROR - No supported variant annotation string found. Skipping...
2024-02-10 19:25:19,883 - __main__ - INFO - Running Epitope Prediction And Annotation version: 1.1
2024-02-10 19:25:19,883 - __main__ - INFO - Starting predictions at 2024-02-10 19:25:19
2024-02-10 19:25:19,883 - __main__ - INFO - Running epaa for variants...
2024-02-10 19:25:21,059 - __main__ - ERROR - No supported variant annotation string found. Skipping...
2024-02-10 19:25:21,060 - __main__ - ERROR - No supported variant annotation string found. Skipping...
2024-02-10 19:25:21,064 - __main__ - ERROR - No supported variant annotation string found. Skipping...
2024-02-10 19:25:21,066 - __main__ - ERROR - No supported variant annotation string found. Skipping...
2024-02-10 19:25:21,076 - __main__ - ERROR - No supported variant annotation string found. Skipping...
2024-02-10 19:25:21,078 - __main__ - ERROR - No supported variant annotation string found. Skipping...
2024-02-10 19:25:21,100 - __main__ - ERROR - No supported variant annotation string found. Skipping...
2024-02-10 19:25:21,101 - __main__ - ERROR - No supported variant annotation string found. Skipping...
2024-02-10 19:25:21,102 - __main__ - ERROR - No supported variant annotation string found. Skipping...
2024-02-10 19:26:53,933 - __main__ - INFO - Running Epitope Prediction And Annotation version: 1.1
2024-02-10 19:26:53,933 - __main__ - INFO - Starting predictions at 2024-02-10 19:26:53
2024-02-10 19:26:53,933 - __main__ - INFO - Running epaa for variants...
2024-02-10 19:26:55,079 - __main__ - ERROR - No supported variant annotation string found. Skipping...
2024-02-10 19:26:55,080 - __main__ - ERROR - No supported variant annotation string found. Skipping...
2024-02-10 19:26:55,083 - __main__ - ERROR - No supported variant annotation string found. Skipping...
2024-02-10 19:26:55,084 - __main__ - ERROR - No supported variant annotation string found. Skipping...
2024-02-10 19:26:55,092 - __main__ - ERROR - No supported variant annotation string found. Skipping...
2024-02-10 19:26:55,094 - __main__ - ERROR - No supported variant annotation string found. Skipping...
2024-02-10 19:26:55,114 - __main__ - ERROR - No supported variant annotation string found. Skipping...
2024-02-10 19:26:55,116 - __main__ - ERROR - No supported variant annotation string found. Skipping...
2024-02-10 19:26:55,118 - __main__ - ERROR - No supported variant annotation string found. Skipping...
2024-02-10 19:30:02,298 - __main__ - INFO - Running Epitope Prediction And Annotation version: 1.1
2024-02-10 19:30:02,298 - __main__ - INFO - Starting predictions at 2024-02-10 19:30:02
2024-02-10 19:30:02,298 - __main__ - INFO - Running epaa for variants...
2024-02-10 19:30:03,415 - __main__ - ERROR - No supported variant annotation string found. Skipping...
2024-02-10 19:30:03,416 - __main__ - ERROR - No supported variant annotation string found. Skipping...
2024-02-10 19:30:03,418 - __main__ - ERROR - No supported variant annotation string found. Skipping...
2024-02-10 19:30:03,419 - __main__ - ERROR - No supported variant annotation string found. Skipping...
2024-02-10 19:30:03,426 - __main__ - ERROR - No supported variant annotation string found. Skipping...
2024-02-10 19:30:03,427 - __main__ - ERROR - No supported variant annotation string found. Skipping...
2024-02-10 19:30:03,443 - __main__ - ERROR - No supported variant annotation string found. Skipping...
2024-02-10 19:30:03,444 - __main__ - ERROR - No supported variant annotation string found. Skipping...
2024-02-10 19:30:03,445 - __main__ - ERROR - No supported variant annotation string found. Skipping...
2024-02-10 20:01:37,431 - __main__ - INFO - Running Epitope Prediction And Annotation version: 1.1
2024-02-10 20:01:37,431 - __main__ - INFO - Starting predictions at 2024-02-10 20:01:37
2024-02-10 20:01:37,431 - __main__ - INFO - Running epaa for variants...
2024-02-10 20:01:38,764 - __main__ - ERROR - No supported variant annotation string found. Skipping...
2024-02-10 20:01:38,764 - __main__ - ERROR - No supported variant annotation string found. Skipping...
2024-02-10 20:01:38,767 - __main__ - ERROR - No supported variant annotation string found. Skipping...
2024-02-10 20:01:38,768 - __main__ - ERROR - No supported variant annotation string found. Skipping...
2024-02-10 20:01:38,775 - __main__ - ERROR - No supported variant annotation string found. Skipping...
2024-02-10 20:01:38,776 - __main__ - ERROR - No supported variant annotation string found. Skipping...
2024-02-10 20:01:38,792 - __main__ - ERROR - No supported variant annotation string found. Skipping...
2024-02-10 20:01:38,793 - __main__ - ERROR - No supported variant annotation string found. Skipping...
2024-02-10 20:01:38,795 - __main__ - ERROR - No supported variant annotation string found. Skipping...
2024-02-10 20:02:48,381 - __main__ - INFO - Running Epitope Prediction And Annotation version: 1.1
2024-02-10 20:02:48,381 - __main__ - INFO - Starting predictions at 2024-02-10 20:02:48
2024-02-10 20:02:48,381 - __main__ - INFO - Running epaa for variants...
2024-02-10 20:02:49,454 - __main__ - ERROR - No supported variant annotation string found. Skipping...
2024-02-10 20:02:49,454 - __main__ - ERROR - No supported variant annotation string found. Skipping...
2024-02-10 20:02:49,457 - __main__ - ERROR - No supported variant annotation string found. Skipping...
2024-02-10 20:02:49,457 - __main__ - ERROR - No supported variant annotation string found. Skipping...
2024-02-10 20:02:49,465 - __main__ - ERROR - No supported variant annotation string found. Skipping...
2024-02-10 20:02:49,466 - __main__ - ERROR - No supported variant annotation string found. Skipping...
2024-02-10 20:02:49,480 - __main__ - ERROR - No supported variant annotation string found. Skipping...
2024-02-10 20:02:49,480 - __main__ - ERROR - No supported variant annotation string found. Skipping...
2024-02-10 20:02:49,483 - __main__ - ERROR - No supported variant annotation string found. Skipping...
2024-02-10 20:06:10,988 - __main__ - INFO - Running Epitope Prediction And Annotation version: 1.1
2024-02-10 20:06:10,988 - __main__ - INFO - Starting predictions at 2024-02-10 20:06:10
2024-02-10 20:06:10,988 - __main__ - INFO - Running epaa for variants...
2024-02-10 20:06:12,108 - __main__ - ERROR - No supported variant annotation string found. Skipping...
2024-02-10 20:06:12,109 - __main__ - ERROR - No supported variant annotation string found. Skipping...
2024-02-10 20:06:12,111 - __main__ - ERROR - No supported variant annotation string found. Skipping...
2024-02-10 20:06:12,112 - __main__ - ERROR - No supported variant annotation string found. Skipping...
2024-02-10 20:06:12,119 - __main__ - ERROR - No supported variant annotation string found. Skipping...
2024-02-10 20:06:12,121 - __main__ - ERROR - No supported variant annotation string found. Skipping...
2024-02-10 20:06:12,135 - __main__ - ERROR - No supported variant annotation string found. Skipping...
2024-02-10 20:06:12,136 - __main__ - ERROR - No supported variant annotation string found. Skipping...
2024-02-10 20:06:12,138 - __main__ - ERROR - No supported variant annotation string found. Skipping...
2024-02-10 20:06:36,915 - __main__ - INFO - Running Epitope Prediction And Annotation version: 1.1
2024-02-10 20:06:36,915 - __main__ - INFO - Starting predictions at 2024-02-10 20:06:36
2024-02-10 20:06:36,915 - __main__ - INFO - Running epaa for variants...
2024-02-10 20:06:38,016 - __main__ - ERROR - No supported variant annotation string found. Skipping...
2024-02-10 20:06:38,016 - __main__ - ERROR - No supported variant annotation string found. Skipping...
2024-02-10 20:06:38,019 - __main__ - ERROR - No supported variant annotation string found. Skipping...
2024-02-10 20:06:38,019 - __main__ - ERROR - No supported variant annotation string found. Skipping...
2024-02-10 20:06:38,026 - __main__ - ERROR - No supported variant annotation string found. Skipping...
2024-02-10 20:06:38,028 - __main__ - ERROR - No supported variant annotation string found. Skipping...
2024-02-10 20:06:38,041 - __main__ - ERROR - No supported variant annotation string found. Skipping...
2024-02-10 20:06:38,042 - __main__ - ERROR - No supported variant annotation string found. Skipping...
2024-02-10 20:06:38,043 - __main__ - ERROR - No supported variant annotation string found. Skipping...
2024-02-10 20:07:06,898 - __main__ - INFO - Running Epitope Prediction And Annotation version: 1.1
2024-02-10 20:07:06,898 - __main__ - INFO - Starting predictions at 2024-02-10 20:07:06
2024-02-10 20:07:06,898 - __main__ - INFO - Running epaa for variants...
2024-02-10 20:07:07,997 - __main__ - ERROR - No supported variant annotation string found. Skipping...
2024-02-10 20:07:07,997 - __main__ - ERROR - No supported variant annotation string found. Skipping...
2024-02-10 20:07:08,000 - __main__ - ERROR - No supported variant annotation string found. Skipping...
2024-02-10 20:07:08,001 - __main__ - ERROR - No supported variant annotation string found. Skipping...
2024-02-10 20:07:08,008 - __main__ - ERROR - No supported variant annotation string found. Skipping...
2024-02-10 20:07:08,010 - __main__ - ERROR - No supported variant annotation string found. Skipping...
2024-02-10 20:07:08,031 - __main__ - ERROR - No supported variant annotation string found. Skipping...
2024-02-10 20:07:08,032 - __main__ - ERROR - No supported variant annotation string found. Skipping...
2024-02-10 20:07:08,033 - __main__ - ERROR - No supported variant annotation string found. Skipping...
2024-02-10 20:10:24,232 - __main__ - INFO - Running Epitope Prediction And Annotation version: 1.1
2024-02-10 20:10:24,232 - __main__ - INFO - Starting predictions at 2024-02-10 20:10:24
2024-02-10 20:10:24,232 - __main__ - INFO - Running epaa for variants...
2024-02-10 20:10:25,343 - __main__ - ERROR - No supported variant annotation string found. Skipping...
2024-02-10 20:10:25,343 - __main__ - ERROR - No supported variant annotation string found. Skipping...
2024-02-10 20:10:25,346 - __main__ - ERROR - No supported variant annotation string found. Skipping...
2024-02-10 20:10:25,347 - __main__ - ERROR - No supported variant annotation string found. Skipping...
2024-02-10 20:10:25,354 - __main__ - ERROR - No supported variant annotation string found. Skipping...
2024-02-10 20:10:25,355 - __main__ - ERROR - No supported variant annotation string found. Skipping...
2024-02-10 20:10:25,369 - __main__ - ERROR - No supported variant annotation string found. Skipping...
2024-02-10 20:10:25,370 - __main__ - ERROR - No supported variant annotation string found. Skipping...
2024-02-10 20:10:25,371 - __main__ - ERROR - No supported variant annotation string found. Skipping...
2024-02-10 20:14:53,486 - __main__ - INFO - Running Epitope Prediction And Annotation version: 1.1
2024-02-10 20:14:53,486 - __main__ - INFO - Starting predictions at 2024-02-10 20:14:53
2024-02-10 20:14:53,486 - __main__ - INFO - Running epaa for variants...
2024-02-10 20:14:54,583 - __main__ - ERROR - No supported variant annotation string found. Skipping...
2024-02-10 20:14:54,583 - __main__ - ERROR - No supported variant annotation string found. Skipping...
2024-02-10 20:14:54,586 - __main__ - ERROR - No supported variant annotation string found. Skipping...
2024-02-10 20:14:54,586 - __main__ - ERROR - No supported variant annotation string found. Skipping...
2024-02-10 20:14:54,594 - __main__ - ERROR - No supported variant annotation string found. Skipping...
2024-02-10 20:14:54,595 - __main__ - ERROR - No supported variant annotation string found. Skipping...
2024-02-10 20:14:54,609 - __main__ - ERROR - No supported variant annotation string found. Skipping...
2024-02-10 20:14:54,610 - __main__ - ERROR - No supported variant annotation string found. Skipping...
2024-02-10 20:14:54,611 - __main__ - ERROR - No supported variant annotation string found. Skipping...
2024-02-10 20:16:09,578 - __main__ - INFO - Running Epitope Prediction And Annotation version: 1.1
2024-02-10 20:16:09,578 - __main__ - INFO - Starting predictions at 2024-02-10 20:16:09
2024-02-10 20:16:09,578 - __main__ - INFO - Running epaa for variants...
2024-02-10 20:16:10,676 - __main__ - ERROR - No supported variant annotation string found. Skipping...
2024-02-10 20:16:10,677 - __main__ - ERROR - No supported variant annotation string found. Skipping...
2024-02-10 20:16:10,679 - __main__ - ERROR - No supported variant annotation string found. Skipping...
2024-02-10 20:16:10,680 - __main__ - ERROR - No supported variant annotation string found. Skipping...
2024-02-10 20:16:10,687 - __main__ - ERROR - No supported variant annotation string found. Skipping...
2024-02-10 20:16:10,689 - __main__ - ERROR - No supported variant annotation string found. Skipping...
2024-02-10 20:16:10,704 - __main__ - ERROR - No supported variant annotation string found. Skipping...
2024-02-10 20:16:10,705 - __main__ - ERROR - No supported variant annotation string found. Skipping...
2024-02-10 20:16:10,708 - __main__ - ERROR - No supported variant annotation string found. Skipping...
2024-02-10 21:03:06,155 - __main__ - INFO - Running Epitope Prediction And Annotation version: 1.1
2024-02-10 21:03:06,155 - __main__ - INFO - Starting predictions at 2024-02-10 21:03:06
2024-02-10 21:03:06,155 - __main__ - INFO - Running epaa for variants...
2024-02-10 21:03:07,252 - __main__ - ERROR - No supported variant annotation string found. Skipping...
2024-02-10 21:03:07,252 - __main__ - ERROR - No supported variant annotation string found. Skipping...
2024-02-10 21:03:07,255 - __main__ - ERROR - No supported variant annotation string found. Skipping...
2024-02-10 21:03:07,255 - __main__ - ERROR - No supported variant annotation string found. Skipping...
2024-02-10 21:03:07,263 - __main__ - ERROR - No supported variant annotation string found. Skipping...
2024-02-10 21:03:07,264 - __main__ - ERROR - No supported variant annotation string found. Skipping...
2024-02-10 21:03:07,284 - __main__ - ERROR - No supported variant annotation string found. Skipping...
2024-02-10 21:03:07,285 - __main__ - ERROR - No supported variant annotation string found. Skipping...
2024-02-10 21:03:07,286 - __main__ - ERROR - No supported variant annotation string found. Skipping...
2024-02-10 21:03:13,677 - __main__ - WARNING - Prediction for length 8 and allele HLA-A*01:01 not possible with syfpeithi version 1.0.
2024-02-10 21:08:04,974 - __main__ - INFO - Running Epitope Prediction And Annotation version: 1.1
2024-02-10 21:08:04,974 - __main__ - INFO - Starting predictions at 2024-02-10 21:08:04
2024-02-10 21:08:04,974 - __main__ - INFO - Running epaa for variants...
2024-02-10 21:08:06,066 - __main__ - ERROR - No supported variant annotation string found. Skipping...
2024-02-10 21:08:06,066 - __main__ - ERROR - No supported variant annotation string found. Skipping...
2024-02-10 21:08:06,069 - __main__ - ERROR - No supported variant annotation string found. Skipping...
2024-02-10 21:08:06,069 - __main__ - ERROR - No supported variant annotation string found. Skipping...
2024-02-10 21:08:06,077 - __main__ - ERROR - No supported variant annotation string found. Skipping...
2024-02-10 21:08:06,078 - __main__ - ERROR - No supported variant annotation string found. Skipping...
2024-02-10 21:08:06,092 - __main__ - ERROR - No supported variant annotation string found. Skipping...
2024-02-10 21:08:06,092 - __main__ - ERROR - No supported variant annotation string found. Skipping...
2024-02-10 21:08:06,094 - __main__ - ERROR - No supported variant annotation string found. Skipping...
2024-02-10 21:08:12,454 - __main__ - WARNING - Prediction for length 8 and allele HLA-A*01:01 not possible with syfpeithi version 1.0.
2024-02-10 21:09:31,551 - __main__ - INFO - Running Epitope Prediction And Annotation version: 1.1
2024-02-10 21:09:31,551 - __main__ - INFO - Starting predictions at 2024-02-10 21:09:31
2024-02-10 21:09:31,551 - __main__ - INFO - Running epaa for variants...
2024-02-10 21:09:32,668 - __main__ - ERROR - No supported variant annotation string found. Skipping...
2024-02-10 21:09:32,668 - __main__ - ERROR - No supported variant annotation string found. Skipping...
2024-02-10 21:09:32,671 - __main__ - ERROR - No supported variant annotation string found. Skipping...
2024-02-10 21:09:32,672 - __main__ - ERROR - No supported variant annotation string found. Skipping...
2024-02-10 21:09:32,679 - __main__ - ERROR - No supported variant annotation string found. Skipping...
2024-02-10 21:09:32,681 - __main__ - ERROR - No supported variant annotation string found. Skipping...
2024-02-10 21:09:32,696 - __main__ - ERROR - No supported variant annotation string found. Skipping...
2024-02-10 21:09:32,698 - __main__ - ERROR - No supported variant annotation string found. Skipping...
2024-02-10 21:09:32,700 - __main__ - ERROR - No supported variant annotation string found. Skipping...
2024-02-10 21:09:39,390 - __main__ - WARNING - Prediction for length 8 and allele HLA-A*01:01 not possible with syfpeithi version 1.0.
2024-02-10 21:12:11,080 - __main__ - INFO - Running Epitope Prediction And Annotation version: 1.1
2024-02-10 21:12:11,080 - __main__ - INFO - Starting predictions at 2024-02-10 21:12:11
2024-02-10 21:12:11,080 - __main__ - INFO - Running epaa for variants...
2024-02-10 21:12:12,190 - __main__ - ERROR - No supported variant annotation string found. Skipping...
2024-02-10 21:12:12,190 - __main__ - ERROR - No supported variant annotation string found. Skipping...
2024-02-10 21:12:12,193 - __main__ - ERROR - No supported variant annotation string found. Skipping...
2024-02-10 21:12:12,193 - __main__ - ERROR - No supported variant annotation string found. Skipping...
2024-02-10 21:12:12,201 - __main__ - ERROR - No supported variant annotation string found. Skipping...
2024-02-10 21:12:12,202 - __main__ - ERROR - No supported variant annotation string found. Skipping...
2024-02-10 21:12:12,216 - __main__ - ERROR - No supported variant annotation string found. Skipping...
2024-02-10 21:12:12,217 - __main__ - ERROR - No supported variant annotation string found. Skipping...
2024-02-10 21:12:12,220 - __main__ - ERROR - No supported variant annotation string found. Skipping...
2024-02-10 21:12:18,942 - __main__ - WARNING - Prediction for length 8 and allele HLA-A*01:01 not possible with syfpeithi version 1.0.
2024-02-10 21:13:54,755 - __main__ - INFO - Running Epitope Prediction And Annotation version: 1.1
2024-02-10 21:13:54,755 - __main__ - INFO - Starting predictions at 2024-02-10 21:13:54
2024-02-10 21:13:54,755 - __main__ - INFO - Running epaa for variants...
2024-02-10 21:13:56,023 - __main__ - ERROR - No supported variant annotation string found. Skipping...
2024-02-10 21:13:56,024 - __main__ - ERROR - No supported variant annotation string found. Skipping...
2024-02-10 21:13:56,026 - __main__ - ERROR - No supported variant annotation string found. Skipping...
2024-02-10 21:13:56,027 - __main__ - ERROR - No supported variant annotation string found. Skipping...
2024-02-10 21:13:56,035 - __main__ - ERROR - No supported variant annotation string found. Skipping...
2024-02-10 21:13:56,037 - __main__ - ERROR - No supported variant annotation string found. Skipping...
2024-02-10 21:13:56,051 - __main__ - ERROR - No supported variant annotation string found. Skipping...
2024-02-10 21:13:56,053 - __main__ - ERROR - No supported variant annotation string found. Skipping...
2024-02-10 21:13:56,055 - __main__ - ERROR - No supported variant annotation string found. Skipping...
2024-02-10 21:14:02,248 - __main__ - WARNING - Prediction for length 8 and allele HLA-A*01:01 not possible with syfpeithi version 1.0.
2024-02-10 21:15:52,289 - __main__ - INFO - Running Epitope Prediction And Annotation version: 1.1
2024-02-10 21:15:52,290 - __main__ - INFO - Starting predictions at 2024-02-10 21:15:52
2024-02-10 21:15:52,290 - __main__ - INFO - Running epaa for variants...
2024-02-10 21:15:53,407 - __main__ - ERROR - No supported variant annotation string found. Skipping...
2024-02-10 21:15:53,408 - __main__ - ERROR - No supported variant annotation string found. Skipping...
2024-02-10 21:15:53,410 - __main__ - ERROR - No supported variant annotation string found. Skipping...
2024-02-10 21:15:53,411 - __main__ - ERROR - No supported variant annotation string found. Skipping...
2024-02-10 21:15:53,418 - __main__ - ERROR - No supported variant annotation string found. Skipping...
2024-02-10 21:15:53,419 - __main__ - ERROR - No supported variant annotation string found. Skipping...
2024-02-10 21:15:53,433 - __main__ - ERROR - No supported variant annotation string found. Skipping...
2024-02-10 21:15:53,434 - __main__ - ERROR - No supported variant annotation string found. Skipping...
2024-02-10 21:15:53,435 - __main__ - ERROR - No supported variant annotation string found. Skipping...
2024-02-10 21:15:59,979 - __main__ - WARNING - Prediction for length 8 and allele HLA-A*01:01 not possible with syfpeithi version 1.0.
2024-02-10 21:20:59,926 - __main__ - INFO - Running Epitope Prediction And Annotation version: 1.1
2024-02-10 21:20:59,926 - __main__ - INFO - Starting predictions at 2024-02-10 21:20:59
2024-02-10 21:20:59,926 - __main__ - INFO - Running epaa for variants...
2024-02-10 21:21:01,017 - __main__ - ERROR - No supported variant annotation string found. Skipping...
2024-02-10 21:21:01,017 - __main__ - ERROR - No supported variant annotation string found. Skipping...
2024-02-10 21:21:01,020 - __main__ - ERROR - No supported variant annotation string found. Skipping...
2024-02-10 21:21:01,020 - __main__ - ERROR - No supported variant annotation string found. Skipping...
2024-02-10 21:21:01,028 - __main__ - ERROR - No supported variant annotation string found. Skipping...
2024-02-10 21:21:01,029 - __main__ - ERROR - No supported variant annotation string found. Skipping...
2024-02-10 21:21:01,043 - __main__ - ERROR - No supported variant annotation string found. Skipping...
2024-02-10 21:21:01,043 - __main__ - ERROR - No supported variant annotation string found. Skipping...
2024-02-10 21:21:01,045 - __main__ - ERROR - No supported variant annotation string found. Skipping...
2024-02-10 21:21:07,692 - __main__ - WARNING - Prediction for length 8 and allele HLA-A*01:01 not possible with syfpeithi version 1.0.
2024-02-10 21:21:11,901 - __main__ - INFO - Finished predictions at 2024-02-10 21:21:11
2024-02-10 23:24:38,255 - __main__ - INFO - Running Epitope Prediction And Annotation version: 1.1
2024-02-10 23:24:38,255 - __main__ - INFO - Starting predictions at 2024-02-10 23:24:38
2024-02-10 23:24:38,255 - __main__ - INFO - Running epaa for variants...
2024-02-10 23:24:39,357 - __main__ - ERROR - No supported variant annotation string found. Skipping...
2024-02-10 23:24:39,358 - __main__ - ERROR - No supported variant annotation string found. Skipping...
2024-02-10 23:24:39,360 - __main__ - ERROR - No supported variant annotation string found. Skipping...
2024-02-10 23:24:39,361 - __main__ - ERROR - No supported variant annotation string found. Skipping...
2024-02-10 23:24:39,368 - __main__ - ERROR - No supported variant annotation string found. Skipping...
2024-02-10 23:24:39,370 - __main__ - ERROR - No supported variant annotation string found. Skipping...
2024-02-10 23:24:39,390 - __main__ - ERROR - No supported variant annotation string found. Skipping...
2024-02-10 23:24:39,391 - __main__ - ERROR - No supported variant annotation string found. Skipping...
2024-02-10 23:24:39,392 - __main__ - ERROR - No supported variant annotation string found. Skipping...
2024-02-10 23:24:46,670 - __main__ - WARNING - Prediction for length 8 and allele HLA-A*01:01 not possible with syfpeithi version 1.0.
2024-02-10 23:24:54,078 - __main__ - INFO - Finished predictions at 2024-02-10 23:24:54
2024-02-10 23:35:05,378 - __main__ - INFO - Running Epitope Prediction And Annotation version: 1.1
2024-02-10 23:35:05,378 - __main__ - INFO - Starting predictions at 2024-02-10 23:35:05
2024-02-10 23:35:05,378 - __main__ - INFO - Running epaa for variants...
2024-02-10 23:35:07,142 - __main__ - ERROR - No supported variant annotation string found. Skipping...
2024-02-10 23:35:07,142 - __main__ - ERROR - No supported variant annotation string found. Skipping...
2024-02-10 23:35:07,145 - __main__ - ERROR - No supported variant annotation string found. Skipping...
2024-02-10 23:35:07,146 - __main__ - ERROR - No supported variant annotation string found. Skipping...
2024-02-10 23:35:07,154 - __main__ - ERROR - No supported variant annotation string found. Skipping...
2024-02-10 23:35:07,156 - __main__ - ERROR - No supported variant annotation string found. Skipping...
2024-02-10 23:35:07,177 - __main__ - ERROR - No supported variant annotation string found. Skipping...
2024-02-10 23:35:07,179 - __main__ - ERROR - No supported variant annotation string found. Skipping...
2024-02-10 23:35:07,180 - __main__ - ERROR - No supported variant annotation string found. Skipping...
2024-02-10 23:35:14,624 - __main__ - WARNING - Prediction for length 8 and allele HLA-A*01:01 not possible with syfpeithi version 1.0.
2024-02-10 23:35:22,008 - __main__ - INFO - Finished predictions at 2024-02-10 23:35:22
2024-02-10 23:36:10,978 - __main__ - INFO - Running Epitope Prediction And Annotation version: 1.1
2024-02-10 23:36:10,978 - __main__ - INFO - Starting predictions at 2024-02-10 23:36:10
2024-02-10 23:36:10,978 - __main__ - INFO - Running epaa for variants...
2024-02-10 23:36:12,652 - __main__ - ERROR - No supported variant annotation string found. Skipping...
2024-02-10 23:36:12,652 - __main__ - ERROR - No supported variant annotation string found. Skipping...
2024-02-10 23:36:12,655 - __main__ - ERROR - No supported variant annotation string found. Skipping...
2024-02-10 23:36:12,656 - __main__ - ERROR - No supported variant annotation string found. Skipping...
2024-02-10 23:36:12,664 - __main__ - ERROR - No supported variant annotation string found. Skipping...
2024-02-10 23:36:12,665 - __main__ - ERROR - No supported variant annotation string found. Skipping...
2024-02-10 23:36:12,685 - __main__ - ERROR - No supported variant annotation string found. Skipping...
2024-02-10 23:36:12,686 - __main__ - ERROR - No supported variant annotation string found. Skipping...
2024-02-10 23:36:12,687 - __main__ - ERROR - No supported variant annotation string found. Skipping...
2024-02-10 23:36:20,530 - __main__ - WARNING - Prediction for length 8 and allele HLA-A*01:01 not possible with syfpeithi version 1.0.
2024-02-10 23:36:26,748 - __main__ - INFO - Finished predictions at 2024-02-10 23:36:26
2024-02-10 23:37:35,079 - __main__ - INFO - Running Epitope Prediction And Annotation version: 1.1
2024-02-10 23:37:35,079 - __main__ - INFO - Starting predictions at 2024-02-10 23:37:35
2024-02-10 23:37:35,079 - __main__ - INFO - Running epaa for variants...
2024-02-10 23:37:36,313 - __main__ - ERROR - No supported variant annotation string found. Skipping...
2024-02-10 23:37:36,314 - __main__ - ERROR - No supported variant annotation string found. Skipping...
2024-02-10 23:37:36,316 - __main__ - ERROR - No supported variant annotation string found. Skipping...
2024-02-10 23:37:36,317 - __main__ - ERROR - No supported variant annotation string found. Skipping...
2024-02-10 23:37:36,327 - __main__ - ERROR - No supported variant annotation string found. Skipping...
2024-02-10 23:37:36,329 - __main__ - ERROR - No supported variant annotation string found. Skipping...
2024-02-10 23:37:36,348 - __main__ - ERROR - No supported variant annotation string found. Skipping...
2024-02-10 23:37:36,349 - __main__ - ERROR - No supported variant annotation string found. Skipping...
2024-02-10 23:37:36,350 - __main__ - ERROR - No supported variant annotation string found. Skipping...
2024-02-10 23:37:42,708 - __main__ - WARNING - Prediction for length 8 and allele HLA-A*01:01 not possible with syfpeithi version 1.0.
2024-02-10 23:37:47,548 - __main__ - INFO - Finished predictions at 2024-02-10 23:37:47
2024-02-10 23:40:13,785 - __main__ - INFO - Running Epitope Prediction And Annotation version: 1.1
2024-02-10 23:40:13,785 - __main__ - INFO - Starting predictions at 2024-02-10 23:40:13
2024-02-10 23:40:13,785 - __main__ - INFO - Running epaa for variants...
2024-02-10 23:40:15,020 - __main__ - ERROR - No supported variant annotation string found. Skipping...
2024-02-10 23:40:15,020 - __main__ - ERROR - No supported variant annotation string found. Skipping...
2024-02-10 23:40:15,024 - __main__ - ERROR - No supported variant annotation string found. Skipping...
2024-02-10 23:40:15,026 - __main__ - ERROR - No supported variant annotation string found. Skipping...
2024-02-10 23:40:15,036 - __main__ - ERROR - No supported variant annotation string found. Skipping...
2024-02-10 23:40:15,038 - __main__ - ERROR - No supported variant annotation string found. Skipping...
2024-02-10 23:40:15,056 - __main__ - ERROR - No supported variant annotation string found. Skipping...
2024-02-10 23:40:15,057 - __main__ - ERROR - No supported variant annotation string found. Skipping...
2024-02-10 23:40:15,058 - __main__ - ERROR - No supported variant annotation string found. Skipping...
2024-02-10 23:40:21,104 - __main__ - WARNING - Prediction for length 8 and allele HLA-A*01:01 not possible with syfpeithi version 1.0.
2024-02-10 23:40:26,228 - __main__ - INFO - Finished predictions at 2024-02-10 23:40:26
2024-02-10 23:43:42,927 - __main__ - INFO - Running Epitope Prediction And Annotation version: 1.1
2024-02-10 23:43:42,927 - __main__ - INFO - Starting predictions at 2024-02-10 23:43:42
2024-02-10 23:43:42,927 - __main__ - INFO - Running epaa for variants...
2024-02-10 23:43:44,794 - __main__ - ERROR - No supported variant annotation string found. Skipping...
2024-02-10 23:43:44,794 - __main__ - ERROR - No supported variant annotation string found. Skipping...
2024-02-10 23:43:44,797 - __main__ - ERROR - No supported variant annotation string found. Skipping...
2024-02-10 23:43:44,798 - __main__ - ERROR - No supported variant annotation string found. Skipping...
2024-02-10 23:44:03,860 - __main__ - INFO - Running Epitope Prediction And Annotation version: 1.1
2024-02-10 23:44:03,860 - __main__ - INFO - Starting predictions at 2024-02-10 23:44:03
2024-02-10 23:44:03,860 - __main__ - INFO - Running epaa for variants...
2024-02-10 23:44:05,028 - __main__ - ERROR - No supported variant annotation string found. Skipping...
2024-02-10 23:44:05,028 - __main__ - ERROR - No supported variant annotation string found. Skipping...
2024-02-10 23:44:05,031 - __main__ - ERROR - No supported variant annotation string found. Skipping...
2024-02-10 23:44:05,032 - __main__ - ERROR - No supported variant annotation string found. Skipping...
2024-02-10 23:44:05,040 - __main__ - ERROR - No supported variant annotation string found. Skipping...
2024-02-10 23:44:05,041 - __main__ - ERROR - No supported variant annotation string found. Skipping...
2024-02-10 23:44:05,056 - __main__ - ERROR - No supported variant annotation string found. Skipping...
2024-02-10 23:44:05,057 - __main__ - ERROR - No supported variant annotation string found. Skipping...
2024-02-10 23:44:05,059 - __main__ - ERROR - No supported variant annotation string found. Skipping...
2024-02-10 23:44:12,133 - __main__ - WARNING - Prediction for length 8 and allele HLA-A*01:01 not possible with syfpeithi version 1.0.
2024-02-10 23:44:17,013 - __main__ - INFO - Finished predictions at 2024-02-10 23:44:17
2024-02-10 23:46:05,472 - __main__ - INFO - Running Epitope Prediction And Annotation version: 1.1
2024-02-10 23:46:05,472 - __main__ - INFO - Starting predictions at 2024-02-10 23:46:05
2024-02-10 23:46:05,472 - __main__ - INFO - Running epaa for variants...
2024-02-10 23:46:06,636 - __main__ - ERROR - No supported variant annotation string found. Skipping...
2024-02-10 23:46:06,637 - __main__ - ERROR - No supported variant annotation string found. Skipping...
2024-02-10 23:46:06,639 - __main__ - ERROR - No supported variant annotation string found. Skipping...
2024-02-10 23:46:06,640 - __main__ - ERROR - No supported variant annotation string found. Skipping...
2024-02-10 23:47:35,155 - __main__ - INFO - Running Epitope Prediction And Annotation version: 1.1
2024-02-10 23:47:35,155 - __main__ - INFO - Starting predictions at 2024-02-10 23:47:35
2024-02-10 23:47:35,155 - __main__ - INFO - Running epaa for variants...
2024-02-10 23:47:36,717 - __main__ - ERROR - No supported variant annotation string found. Skipping...
2024-02-10 23:47:36,717 - __main__ - ERROR - No supported variant annotation string found. Skipping...
2024-02-10 23:47:36,720 - __main__ - ERROR - No supported variant annotation string found. Skipping...
2024-02-10 23:47:36,722 - __main__ - ERROR - No supported variant annotation string found. Skipping...
2024-02-10 23:47:36,733 - __main__ - ERROR - No supported variant annotation string found. Skipping...
2024-02-10 23:47:36,734 - __main__ - ERROR - No supported variant annotation string found. Skipping...
2024-02-10 23:47:36,754 - __main__ - ERROR - No supported variant annotation string found. Skipping...
2024-02-10 23:47:36,757 - __main__ - ERROR - No supported variant annotation string found. Skipping...
2024-02-10 23:47:36,759 - __main__ - ERROR - No supported variant annotation string found. Skipping...
2024-02-10 23:47:43,201 - __main__ - WARNING - Prediction for length 8 and allele HLA-A*01:01 not possible with syfpeithi version 1.0.
2024-02-10 23:47:48,057 - __main__ - INFO - Finished predictions at 2024-02-10 23:47:48
2024-02-10 23:48:47,951 - __main__ - INFO - Running Epitope Prediction And Annotation version: 1.1
2024-02-10 23:48:47,952 - __main__ - INFO - Starting predictions at 2024-02-10 23:48:47
2024-02-10 23:48:47,952 - __main__ - INFO - Running epaa for variants...
2024-02-10 23:48:49,126 - __main__ - ERROR - No supported variant annotation string found. Skipping...
2024-02-10 23:48:49,126 - __main__ - ERROR - No supported variant annotation string found. Skipping...
2024-02-10 23:48:49,129 - __main__ - ERROR - No supported variant annotation string found. Skipping...
2024-02-10 23:48:49,129 - __main__ - ERROR - No supported variant annotation string found. Skipping...
2024-02-10 23:48:49,139 - __main__ - ERROR - No supported variant annotation string found. Skipping...
2024-02-10 23:48:49,140 - __main__ - ERROR - No supported variant annotation string found. Skipping...
2024-02-10 23:48:49,158 - __main__ - ERROR - No supported variant annotation string found. Skipping...
2024-02-10 23:48:49,160 - __main__ - ERROR - No supported variant annotation string found. Skipping...
2024-02-10 23:48:49,162 - __main__ - ERROR - No supported variant annotation string found. Skipping...
2024-02-10 23:48:55,952 - __main__ - WARNING - Prediction for length 8 and allele HLA-A*01:01 not possible with syfpeithi version 1.0.
2024-02-10 23:49:01,997 - __main__ - INFO - Finished predictions at 2024-02-10 23:49:01
2024-02-10 23:50:13,682 - __main__ - INFO - Running Epitope Prediction And Annotation version: 1.1
2024-02-10 23:50:13,682 - __main__ - INFO - Starting predictions at 2024-02-10 23:50:13
2024-02-10 23:50:13,682 - __main__ - INFO - Running epaa for variants...
2024-02-10 23:50:14,812 - __main__ - ERROR - No supported variant annotation string found. Skipping...
2024-02-10 23:50:14,812 - __main__ - ERROR - No supported variant annotation string found. Skipping...
2024-02-10 23:50:14,815 - __main__ - ERROR - No supported variant annotation string found. Skipping...
2024-02-10 23:50:14,815 - __main__ - ERROR - No supported variant annotation string found. Skipping...
2024-02-10 23:50:14,822 - __main__ - ERROR - No supported variant annotation string found. Skipping...
2024-02-10 23:50:14,824 - __main__ - ERROR - No supported variant annotation string found. Skipping...
2024-02-10 23:50:14,838 - __main__ - ERROR - No supported variant annotation string found. Skipping...
2024-02-10 23:50:14,839 - __main__ - ERROR - No supported variant annotation string found. Skipping...
2024-02-10 23:50:14,840 - __main__ - ERROR - No supported variant annotation string found. Skipping...
2024-02-10 23:50:21,328 - __main__ - WARNING - Prediction for length 8 and allele HLA-A*01:01 not possible with syfpeithi version 1.0.
2024-02-10 23:50:26,041 - __main__ - INFO - Finished predictions at 2024-02-10 23:50:26
2024-02-11 11:19:30,371 - __main__ - INFO - Running Epitope Prediction And Annotation version: 1.1
2024-02-11 11:19:30,371 - __main__ - INFO - Starting predictions at 2024-02-11 11:19:30
2024-02-11 11:19:30,372 - __main__ - INFO - Running epaa for variants...
2024-02-11 11:19:31,507 - __main__ - ERROR - No supported variant annotation string found. Skipping...
2024-02-11 11:19:31,507 - __main__ - ERROR - No supported variant annotation string found. Skipping...
2024-02-11 11:19:31,510 - __main__ - ERROR - No supported variant annotation string found. Skipping...
2024-02-11 11:19:31,510 - __main__ - ERROR - No supported variant annotation string found. Skipping...
2024-02-11 11:19:31,519 - __main__ - ERROR - No supported variant annotation string found. Skipping...
2024-02-11 11:19:31,521 - __main__ - ERROR - No supported variant annotation string found. Skipping...
2024-02-11 11:19:31,536 - __main__ - ERROR - No supported variant annotation string found. Skipping...
2024-02-11 11:19:31,539 - __main__ - ERROR - No supported variant annotation string found. Skipping...
2024-02-11 11:19:31,540 - __main__ - ERROR - No supported variant annotation string found. Skipping...
2024-02-11 11:19:38,340 - __main__ - WARNING - Prediction for length 8 and allele HLA-A*01:01 not possible with syfpeithi version 1.0.
2024-02-11 11:19:43,082 - __main__ - INFO - Finished predictions at 2024-02-11 11:19:43
2024-02-11 11:24:06,315 - __main__ - INFO - Running Epitope Prediction And Annotation version: 1.1
2024-02-11 11:24:06,315 - __main__ - INFO - Starting predictions at 2024-02-11 11:24:06
2024-02-11 11:24:06,316 - __main__ - INFO - Running epaa for variants...
2024-02-11 11:24:07,382 - __main__ - ERROR - No supported variant annotation string found. Skipping...
2024-02-11 11:24:07,383 - __main__ - ERROR - No supported variant annotation string found. Skipping...
2024-02-11 11:24:07,385 - __main__ - ERROR - No supported variant annotation string found. Skipping...
2024-02-11 11:24:07,386 - __main__ - ERROR - No supported variant annotation string found. Skipping...
2024-02-11 11:24:07,393 - __main__ - ERROR - No supported variant annotation string found. Skipping...
2024-02-11 11:24:07,395 - __main__ - ERROR - No supported variant annotation string found. Skipping...
2024-02-11 11:24:07,413 - __main__ - ERROR - No supported variant annotation string found. Skipping...
2024-02-11 11:24:07,414 - __main__ - ERROR - No supported variant annotation string found. Skipping...
2024-02-11 11:24:07,416 - __main__ - ERROR - No supported variant annotation string found. Skipping...
2024-02-11 11:24:13,971 - __main__ - WARNING - Prediction for length 8 and allele HLA-A*01:01 not possible with syfpeithi version 1.0.
2024-02-11 11:24:18,209 - __main__ - INFO - Finished predictions at 2024-02-11 11:24:18
2024-02-11 11:51:23,262 - __main__ - INFO - Running Epitope Prediction And Annotation version: 1.1
2024-02-11 11:51:23,262 - __main__ - INFO - Starting predictions at 2024-02-11 11:51:23
2024-02-11 11:51:23,262 - __main__ - INFO - Running epaa for variants...
2024-02-11 11:51:24,384 - __main__ - ERROR - No supported variant annotation string found. Skipping...
2024-02-11 11:51:24,384 - __main__ - ERROR - No supported variant annotation string found. Skipping...
2024-02-11 11:51:24,387 - __main__ - ERROR - No supported variant annotation string found. Skipping...
2024-02-11 11:51:24,388 - __main__ - ERROR - No supported variant annotation string found. Skipping...
2024-02-11 11:51:24,395 - __main__ - ERROR - No supported variant annotation string found. Skipping...
2024-02-11 11:51:24,397 - __main__ - ERROR - No supported variant annotation string found. Skipping...
2024-02-11 11:51:24,413 - __main__ - ERROR - No supported variant annotation string found. Skipping...
2024-02-11 11:51:24,414 - __main__ - ERROR - No supported variant annotation string found. Skipping...
2024-02-11 11:51:24,416 - __main__ - ERROR - No supported variant annotation string found. Skipping...
2024-02-11 11:51:32,173 - __main__ - WARNING - Prediction for length 8 and allele HLA-A*01:01 not possible with syfpeithi version 1.0.
2024-02-11 11:51:36,631 - __main__ - INFO - Finished predictions at 2024-02-11 11:51:36
2024-02-11 11:54:03,414 - __main__ - INFO - Running Epitope Prediction And Annotation version: 1.1
2024-02-11 11:54:03,414 - __main__ - INFO - Starting predictions at 2024-02-11 11:54:03
2024-02-11 11:54:03,414 - __main__ - INFO - Running epaa for variants...
2024-02-11 11:54:04,474 - __main__ - ERROR - No supported variant annotation string found. Skipping...
2024-02-11 11:54:04,474 - __main__ - ERROR - No supported variant annotation string found. Skipping...
2024-02-11 11:54:04,477 - __main__ - ERROR - No supported variant annotation string found. Skipping...
2024-02-11 11:54:04,478 - __main__ - ERROR - No supported variant annotation string found. Skipping...
2024-02-11 11:54:04,485 - __main__ - ERROR - No supported variant annotation string found. Skipping...
2024-02-11 11:54:04,486 - __main__ - ERROR - No supported variant annotation string found. Skipping...
2024-02-11 11:54:04,501 - __main__ - ERROR - No supported variant annotation string found. Skipping...
2024-02-11 11:54:04,502 - __main__ - ERROR - No supported variant annotation string found. Skipping...
2024-02-11 11:54:04,503 - __main__ - ERROR - No supported variant annotation string found. Skipping...
2024-02-11 11:54:11,688 - __main__ - WARNING - Prediction for length 8 and allele HLA-A*01:01 not possible with syfpeithi version 1.0.
2024-02-11 11:54:15,948 - __main__ - INFO - Finished predictions at 2024-02-11 11:54:15
2024-02-11 11:58:14,549 - __main__ - INFO - Running Epitope Prediction And Annotation version: 1.1
2024-02-11 11:58:14,550 - __main__ - INFO - Starting predictions at 2024-02-11 11:58:14
2024-02-11 11:58:14,550 - __main__ - INFO - Running epaa for variants...
2024-02-11 11:58:15,622 - __main__ - ERROR - No supported variant annotation string found. Skipping...
2024-02-11 11:58:15,622 - __main__ - ERROR - No supported variant annotation string found. Skipping...
2024-02-11 11:58:15,625 - __main__ - ERROR - No supported variant annotation string found. Skipping...
2024-02-11 11:58:15,626 - __main__ - ERROR - No supported variant annotation string found. Skipping...
2024-02-11 11:58:15,633 - __main__ - ERROR - No supported variant annotation string found. Skipping...
2024-02-11 11:58:15,635 - __main__ - ERROR - No supported variant annotation string found. Skipping...
2024-02-11 11:58:15,651 - __main__ - ERROR - No supported variant annotation string found. Skipping...
2024-02-11 11:58:15,652 - __main__ - ERROR - No supported variant annotation string found. Skipping...
2024-02-11 11:58:15,655 - __main__ - ERROR - No supported variant annotation string found. Skipping...
2024-02-11 11:58:22,227 - __main__ - WARNING - Prediction for length 8 and allele HLA-A*01:01 not possible with syfpeithi version 1.0.
2024-02-11 11:58:26,452 - __main__ - INFO - Finished predictions at 2024-02-11 11:58:26
2024-02-11 12:01:06,921 - __main__ - INFO - Running Epitope Prediction And Annotation version: 1.1
2024-02-11 12:01:06,921 - __main__ - INFO - Starting predictions at 2024-02-11 12:01:06
2024-02-11 12:01:06,921 - __main__ - INFO - Running epaa for variants...
2024-02-11 12:01:08,002 - __main__ - ERROR - No supported variant annotation string found. Skipping...
2024-02-11 12:01:08,002 - __main__ - ERROR - No supported variant annotation string found. Skipping...
2024-02-11 12:01:08,005 - __main__ - ERROR - No supported variant annotation string found. Skipping...
2024-02-11 12:01:08,006 - __main__ - ERROR - No supported variant annotation string found. Skipping...
2024-02-11 12:01:08,013 - __main__ - ERROR - No supported variant annotation string found. Skipping...
2024-02-11 12:01:08,014 - __main__ - ERROR - No supported variant annotation string found. Skipping...
2024-02-11 12:01:08,028 - __main__ - ERROR - No supported variant annotation string found. Skipping...
2024-02-11 12:01:08,029 - __main__ - ERROR - No supported variant annotation string found. Skipping...
2024-02-11 12:01:08,030 - __main__ - ERROR - No supported variant annotation string found. Skipping...
2024-02-11 12:01:14,451 - __main__ - WARNING - Prediction for length 8 and allele HLA-A*01:01 not possible with syfpeithi version 1.0.
2024-02-11 12:01:18,742 - __main__ - INFO - Finished predictions at 2024-02-11 12:01:18
2024-02-11 12:12:31,474 - __main__ - INFO - Running Epitope Prediction And Annotation version: 1.1
2024-02-11 12:12:31,474 - __main__ - INFO - Starting predictions at 2024-02-11 12:12:31
2024-02-11 12:12:31,474 - __main__ - INFO - Running epaa for variants...
2024-02-11 12:12:32,592 - __main__ - ERROR - No supported variant annotation string found. Skipping...
2024-02-11 12:12:32,592 - __main__ - ERROR - No supported variant annotation string found. Skipping...
2024-02-11 12:12:32,595 - __main__ - ERROR - No supported variant annotation string found. Skipping...
2024-02-11 12:12:32,595 - __main__ - ERROR - No supported variant annotation string found. Skipping...
2024-02-11 12:12:32,602 - __main__ - ERROR - No supported variant annotation string found. Skipping...
2024-02-11 12:12:32,604 - __main__ - ERROR - No supported variant annotation string found. Skipping...
2024-02-11 12:12:32,617 - __main__ - ERROR - No supported variant annotation string found. Skipping...
2024-02-11 12:12:32,618 - __main__ - ERROR - No supported variant annotation string found. Skipping...
2024-02-11 12:12:32,619 - __main__ - ERROR - No supported variant annotation string found. Skipping...
2024-02-11 12:12:39,052 - __main__ - WARNING - Prediction for length 8 and allele HLA-A*01:01 not possible with syfpeithi version 1.0.
2024-02-11 12:12:43,767 - __main__ - INFO - Finished predictions at 2024-02-11 12:12:43
2024-02-11 12:44:54,603 - __main__ - INFO - Running Epitope Prediction And Annotation version: 1.1
2024-02-11 12:44:54,603 - __main__ - INFO - Starting predictions at 2024-02-11 12:44:54
2024-02-11 12:44:54,603 - __main__ - INFO - Running epaa for variants...
2024-02-11 12:44:55,693 - __main__ - ERROR - No supported variant annotation string found. Skipping...
2024-02-11 12:44:55,693 - __main__ - ERROR - No supported variant annotation string found. Skipping...
2024-02-11 12:44:55,696 - __main__ - ERROR - No supported variant annotation string found. Skipping...
2024-02-11 12:44:55,696 - __main__ - ERROR - No supported variant annotation string found. Skipping...
2024-02-11 12:44:55,704 - __main__ - ERROR - No supported variant annotation string found. Skipping...
2024-02-11 12:44:55,705 - __main__ - ERROR - No supported variant annotation string found. Skipping...
2024-02-11 12:44:55,720 - __main__ - ERROR - No supported variant annotation string found. Skipping...
2024-02-11 12:44:55,721 - __main__ - ERROR - No supported variant annotation string found. Skipping...
2024-02-11 12:44:55,722 - __main__ - ERROR - No supported variant annotation string found. Skipping...
2024-02-11 12:45:01,977 - __main__ - WARNING - Prediction for length 8 and allele HLA-A*01:01 not possible with syfpeithi version 1.0.
2024-02-11 12:45:06,570 - __main__ - INFO - Finished predictions at 2024-02-11 12:45:06
2024-02-11 13:12:57,798 - __main__ - INFO - Running Epitope Prediction And Annotation version: 1.1
2024-02-11 13:12:57,799 - __main__ - INFO - Starting predictions at 2024-02-11 13:12:57
2024-02-11 13:12:57,799 - __main__ - INFO - Running epaa for variants...
2024-02-11 13:12:58,877 - __main__ - ERROR - No supported variant annotation string found. Skipping...
2024-02-11 13:12:58,877 - __main__ - ERROR - No supported variant annotation string found. Skipping...
2024-02-11 13:12:58,880 - __main__ - ERROR - No supported variant annotation string found. Skipping...
2024-02-11 13:12:58,881 - __main__ - ERROR - No supported variant annotation string found. Skipping...
2024-02-11 13:12:58,888 - __main__ - ERROR - No supported variant annotation string found. Skipping...
2024-02-11 13:12:58,889 - __main__ - ERROR - No supported variant annotation string found. Skipping...
2024-02-11 13:12:58,903 - __main__ - ERROR - No supported variant annotation string found. Skipping...
2024-02-11 13:12:58,904 - __main__ - ERROR - No supported variant annotation string found. Skipping...
2024-02-11 13:12:58,904 - __main__ - ERROR - No supported variant annotation string found. Skipping...
2024-02-11 13:13:07,041 - __main__ - WARNING - Prediction for length 8 and allele HLA-A*01:01 not possible with syfpeithi version 1.0.
2024-02-11 13:13:11,873 - __main__ - INFO - Finished predictions at 2024-02-11 13:13:11
2024-02-11 13:18:20,076 - __main__ - INFO - Running Epitope Prediction And Annotation version: 1.1
2024-02-11 13:18:20,076 - __main__ - INFO - Starting predictions at 2024-02-11 13:18:20
2024-02-11 13:18:20,076 - __main__ - INFO - Running epaa for variants...
2024-02-11 13:18:21,169 - __main__ - ERROR - No supported variant annotation string found. Skipping...
2024-02-11 13:18:21,169 - __main__ - ERROR - No supported variant annotation string found. Skipping...
2024-02-11 13:18:21,172 - __main__ - ERROR - No supported variant annotation string found. Skipping...
2024-02-11 13:18:21,173 - __main__ - ERROR - No supported variant annotation string found. Skipping...
2024-02-11 13:18:21,180 - __main__ - ERROR - No supported variant annotation string found. Skipping...
2024-02-11 13:18:21,181 - __main__ - ERROR - No supported variant annotation string found. Skipping...
2024-02-11 13:18:21,195 - __main__ - ERROR - No supported variant annotation string found. Skipping...
2024-02-11 13:18:21,196 - __main__ - ERROR - No supported variant annotation string found. Skipping...
2024-02-11 13:18:21,197 - __main__ - ERROR - No supported variant annotation string found. Skipping...
2024-02-11 13:18:27,933 - __main__ - WARNING - Prediction for length 8 and allele HLA-A*01:01 not possible with syfpeithi version 1.0.
2024-02-11 13:18:32,713 - __main__ - INFO - Finished predictions at 2024-02-11 13:18:32
2024-02-11 13:22:17,929 - __main__ - INFO - Running Epitope Prediction And Annotation version: 1.1
2024-02-11 13:22:17,929 - __main__ - INFO - Starting predictions at 2024-02-11 13:22:17
2024-02-11 13:22:17,930 - __main__ - INFO - Running epaa for variants...
2024-02-11 13:22:19,137 - __main__ - ERROR - No supported variant annotation string found. Skipping...
2024-02-11 13:22:19,137 - __main__ - ERROR - No supported variant annotation string found. Skipping...
2024-02-11 13:22:19,139 - __main__ - ERROR - No supported variant annotation string found. Skipping...
2024-02-11 13:22:19,140 - __main__ - ERROR - No supported variant annotation string found. Skipping...
2024-02-11 13:22:19,151 - __main__ - ERROR - No supported variant annotation string found. Skipping...
2024-02-11 13:22:19,152 - __main__ - ERROR - No supported variant annotation string found. Skipping...
2024-02-11 13:22:19,169 - __main__ - ERROR - No supported variant annotation string found. Skipping...
2024-02-11 13:22:19,170 - __main__ - ERROR - No supported variant annotation string found. Skipping...
2024-02-11 13:22:19,171 - __main__ - ERROR - No supported variant annotation string found. Skipping...
2024-02-11 13:22:56,284 - __main__ - INFO - Running Epitope Prediction And Annotation version: 1.1
2024-02-11 13:22:56,284 - __main__ - INFO - Starting predictions at 2024-02-11 13:22:56
2024-02-11 13:22:56,284 - __main__ - INFO - Running epaa for variants...
2024-02-11 13:22:57,381 - __main__ - ERROR - No supported variant annotation string found. Skipping...
2024-02-11 13:22:57,382 - __main__ - ERROR - No supported variant annotation string found. Skipping...
2024-02-11 13:22:57,384 - __main__ - ERROR - No supported variant annotation string found. Skipping...
2024-02-11 13:22:57,385 - __main__ - ERROR - No supported variant annotation string found. Skipping...
2024-02-11 13:22:57,392 - __main__ - ERROR - No supported variant annotation string found. Skipping...
2024-02-11 13:22:57,393 - __main__ - ERROR - No supported variant annotation string found. Skipping...
2024-02-11 13:22:57,409 - __main__ - ERROR - No supported variant annotation string found. Skipping...
2024-02-11 13:22:57,410 - __main__ - ERROR - No supported variant annotation string found. Skipping...
2024-02-11 13:22:57,411 - __main__ - ERROR - No supported variant annotation string found. Skipping...
2024-02-11 13:30:13,334 - __main__ - INFO - Running Epitope Prediction And Annotation version: 1.1
2024-02-11 13:30:13,334 - __main__ - INFO - Starting predictions at 2024-02-11 13:30:13
2024-02-11 13:30:13,334 - __main__ - INFO - Running epaa for variants...
2024-02-11 13:30:14,407 - __main__ - ERROR - No supported variant annotation string found. Skipping...
2024-02-11 13:30:14,407 - __main__ - ERROR - No supported variant annotation string found. Skipping...
2024-02-11 13:30:14,410 - __main__ - ERROR - No supported variant annotation string found. Skipping...
2024-02-11 13:30:14,411 - __main__ - ERROR - No supported variant annotation string found. Skipping...
2024-02-11 13:30:14,419 - __main__ - ERROR - No supported variant annotation string found. Skipping...
2024-02-11 13:30:14,421 - __main__ - ERROR - No supported variant annotation string found. Skipping...
2024-02-11 13:30:14,434 - __main__ - ERROR - No supported variant annotation string found. Skipping...
2024-02-11 13:30:14,435 - __main__ - ERROR - No supported variant annotation string found. Skipping...
2024-02-11 13:30:14,436 - __main__ - ERROR - No supported variant annotation string found. Skipping...
2024-02-11 13:30:48,237 - __main__ - INFO - Running Epitope Prediction And Annotation version: 1.1
2024-02-11 13:30:48,237 - __main__ - INFO - Starting predictions at 2024-02-11 13:30:48
2024-02-11 13:30:48,237 - __main__ - INFO - Running epaa for variants...
2024-02-11 13:30:49,303 - __main__ - ERROR - No supported variant annotation string found. Skipping...
2024-02-11 13:30:49,303 - __main__ - ERROR - No supported variant annotation string found. Skipping...
2024-02-11 13:30:49,306 - __main__ - ERROR - No supported variant annotation string found. Skipping...
2024-02-11 13:30:49,307 - __main__ - ERROR - No supported variant annotation string found. Skipping...
2024-02-11 13:30:49,315 - __main__ - ERROR - No supported variant annotation string found. Skipping...
2024-02-11 13:30:49,316 - __main__ - ERROR - No supported variant annotation string found. Skipping...
2024-02-11 13:30:49,330 - __main__ - ERROR - No supported variant annotation string found. Skipping...
2024-02-11 13:30:49,331 - __main__ - ERROR - No supported variant annotation string found. Skipping...
2024-02-11 13:30:49,332 - __main__ - ERROR - No supported variant annotation string found. Skipping...
2024-02-11 13:32:02,522 - __main__ - INFO - Running Epitope Prediction And Annotation version: 1.1
2024-02-11 13:32:02,522 - __main__ - INFO - Starting predictions at 2024-02-11 13:32:02
2024-02-11 13:32:02,522 - __main__ - INFO - Running epaa for variants...
2024-02-11 13:32:03,607 - __main__ - ERROR - No supported variant annotation string found. Skipping...
2024-02-11 13:32:03,607 - __main__ - ERROR - No supported variant annotation string found. Skipping...
2024-02-11 13:32:03,610 - __main__ - ERROR - No supported variant annotation string found. Skipping...
2024-02-11 13:32:03,611 - __main__ - ERROR - No supported variant annotation string found. Skipping...
2024-02-11 13:32:03,618 - __main__ - ERROR - No supported variant annotation string found. Skipping...
2024-02-11 13:32:03,619 - __main__ - ERROR - No supported variant annotation string found. Skipping...
2024-02-11 13:32:03,633 - __main__ - ERROR - No supported variant annotation string found. Skipping...
2024-02-11 13:32:03,633 - __main__ - ERROR - No supported variant annotation string found. Skipping...
2024-02-11 13:32:03,634 - __main__ - ERROR - No supported variant annotation string found. Skipping...
2024-02-11 13:32:42,259 - __main__ - INFO - Running Epitope Prediction And Annotation version: 1.1
2024-02-11 13:32:42,259 - __main__ - INFO - Starting predictions at 2024-02-11 13:32:42
2024-02-11 13:32:42,259 - __main__ - INFO - Running epaa for variants...
2024-02-11 13:32:43,384 - __main__ - ERROR - No supported variant annotation string found. Skipping...
2024-02-11 13:32:43,384 - __main__ - ERROR - No supported variant annotation string found. Skipping...
2024-02-11 13:32:43,386 - __main__ - ERROR - No supported variant annotation string found. Skipping...
2024-02-11 13:32:43,387 - __main__ - ERROR - No supported variant annotation string found. Skipping...
2024-02-11 13:32:43,394 - __main__ - ERROR - No supported variant annotation string found. Skipping...
2024-02-11 13:32:43,395 - __main__ - ERROR - No supported variant annotation string found. Skipping...
2024-02-11 13:32:43,409 - __main__ - ERROR - No supported variant annotation string found. Skipping...
2024-02-11 13:32:43,410 - __main__ - ERROR - No supported variant annotation string found. Skipping...
2024-02-11 13:32:43,411 - __main__ - ERROR - No supported variant annotation string found. Skipping...
2024-02-11 13:37:20,282 - __main__ - INFO - Running Epitope Prediction And Annotation version: 1.1
2024-02-11 13:37:20,282 - __main__ - INFO - Starting predictions at 2024-02-11 13:37:20
2024-02-11 13:37:20,282 - __main__ - INFO - Running epaa for variants...
2024-02-11 13:37:21,341 - __main__ - ERROR - No supported variant annotation string found. Skipping...
2024-02-11 13:37:21,341 - __main__ - ERROR - No supported variant annotation string found. Skipping...
2024-02-11 13:37:21,344 - __main__ - ERROR - No supported variant annotation string found. Skipping...
2024-02-11 13:37:21,344 - __main__ - ERROR - No supported variant annotation string found. Skipping...
2024-02-11 13:37:21,356 - __main__ - ERROR - No supported variant annotation string found. Skipping...
2024-02-11 13:37:21,357 - __main__ - ERROR - No supported variant annotation string found. Skipping...
2024-02-11 13:37:21,370 - __main__ - ERROR - No supported variant annotation string found. Skipping...
2024-02-11 13:37:21,371 - __main__ - ERROR - No supported variant annotation string found. Skipping...
2024-02-11 13:37:21,372 - __main__ - ERROR - No supported variant annotation string found. Skipping...
2024-02-11 13:37:28,164 - __main__ - WARNING - Prediction for length 8 and allele HLA-A*01:01 not possible with syfpeithi version 1.0.
2024-02-11 13:37:32,745 - __main__ - INFO - Finished predictions at 2024-02-11 13:37:32
2024-02-11 13:38:47,995 - __main__ - INFO - Running Epitope Prediction And Annotation version: 1.1
2024-02-11 13:38:47,995 - __main__ - INFO - Starting predictions at 2024-02-11 13:38:47
2024-02-11 13:38:47,995 - __main__ - INFO - Running epaa for variants...
2024-02-11 13:38:49,050 - __main__ - ERROR - No supported variant annotation string found. Skipping...
2024-02-11 13:38:49,050 - __main__ - ERROR - No supported variant annotation string found. Skipping...
2024-02-11 13:38:49,053 - __main__ - ERROR - No supported variant annotation string found. Skipping...
2024-02-11 13:38:49,053 - __main__ - ERROR - No supported variant annotation string found. Skipping...
2024-02-11 13:38:49,061 - __main__ - ERROR - No supported variant annotation string found. Skipping...
2024-02-11 13:38:49,062 - __main__ - ERROR - No supported variant annotation string found. Skipping...
2024-02-11 13:38:49,076 - __main__ - ERROR - No supported variant annotation string found. Skipping...
2024-02-11 13:38:49,076 - __main__ - ERROR - No supported variant annotation string found. Skipping...
2024-02-11 13:38:49,077 - __main__ - ERROR - No supported variant annotation string found. Skipping...
2024-02-11 13:39:10,442 - __main__ - INFO - Running Epitope Prediction And Annotation version: 1.1
2024-02-11 13:39:10,442 - __main__ - INFO - Starting predictions at 2024-02-11 13:39:10
2024-02-11 13:39:10,442 - __main__ - INFO - Running epaa for variants...
2024-02-11 13:39:11,768 - __main__ - ERROR - No supported variant annotation string found. Skipping...
2024-02-11 13:39:11,768 - __main__ - ERROR - No supported variant annotation string found. Skipping...
2024-02-11 13:39:11,771 - __main__ - ERROR - No supported variant annotation string found. Skipping...
2024-02-11 13:39:11,772 - __main__ - ERROR - No supported variant annotation string found. Skipping...
2024-02-11 13:39:11,779 - __main__ - ERROR - No supported variant annotation string found. Skipping...
2024-02-11 13:39:11,780 - __main__ - ERROR - No supported variant annotation string found. Skipping...
2024-02-11 13:39:11,794 - __main__ - ERROR - No supported variant annotation string found. Skipping...
2024-02-11 13:39:11,795 - __main__ - ERROR - No supported variant annotation string found. Skipping...
2024-02-11 13:39:11,796 - __main__ - ERROR - No supported variant annotation string found. Skipping...
2024-02-11 13:39:18,930 - __main__ - WARNING - Prediction for length 8 and allele HLA-A*01:01 not possible with syfpeithi version 1.0.
2024-02-11 13:39:23,494 - __main__ - INFO - Finished predictions at 2024-02-11 13:39:23
2024-02-11 13:43:37,165 - __main__ - INFO - Running Epitope Prediction And Annotation version: 1.1
2024-02-11 13:43:37,165 - __main__ - INFO - Starting predictions at 2024-02-11 13:43:37
2024-02-11 13:43:37,166 - __main__ - INFO - Running epaa for variants...
2024-02-11 13:43:38,275 - __main__ - ERROR - No supported variant annotation string found. Skipping...
2024-02-11 13:43:38,275 - __main__ - ERROR - No supported variant annotation string found. Skipping...
2024-02-11 13:43:38,279 - __main__ - ERROR - No supported variant annotation string found. Skipping...
2024-02-11 13:43:38,280 - __main__ - ERROR - No supported variant annotation string found. Skipping...
2024-02-11 13:43:38,289 - __main__ - ERROR - No supported variant annotation string found. Skipping...
2024-02-11 13:43:38,290 - __main__ - ERROR - No supported variant annotation string found. Skipping...
2024-02-11 13:43:38,304 - __main__ - ERROR - No supported variant annotation string found. Skipping...
2024-02-11 13:43:38,305 - __main__ - ERROR - No supported variant annotation string found. Skipping...
2024-02-11 13:43:38,306 - __main__ - ERROR - No supported variant annotation string found. Skipping...
2024-02-11 13:43:44,322 - __main__ - WARNING - Prediction for length 8 and allele HLA-A*01:01 not possible with syfpeithi version 1.0.
2024-02-11 13:43:48,931 - __main__ - INFO - Finished predictions at 2024-02-11 13:43:48
2024-02-11 13:44:26,898 - __main__ - INFO - Running Epitope Prediction And Annotation version: 1.1
2024-02-11 13:44:26,898 - __main__ - INFO - Starting predictions at 2024-02-11 13:44:26
2024-02-11 13:44:26,898 - __main__ - INFO - Running epaa for variants...
2024-02-11 13:44:28,006 - __main__ - ERROR - No supported variant annotation string found. Skipping...
2024-02-11 13:44:28,007 - __main__ - ERROR - No supported variant annotation string found. Skipping...
2024-02-11 13:44:28,009 - __main__ - ERROR - No supported variant annotation string found. Skipping...
2024-02-11 13:44:28,010 - __main__ - ERROR - No supported variant annotation string found. Skipping...
2024-02-11 13:44:28,018 - __main__ - ERROR - No supported variant annotation string found. Skipping...
2024-02-11 13:44:28,019 - __main__ - ERROR - No supported variant annotation string found. Skipping...
2024-02-11 13:44:28,033 - __main__ - ERROR - No supported variant annotation string found. Skipping...
2024-02-11 13:44:28,034 - __main__ - ERROR - No supported variant annotation string found. Skipping...
2024-02-11 13:44:28,035 - __main__ - ERROR - No supported variant annotation string found. Skipping...
2024-02-11 13:44:35,029 - __main__ - WARNING - Prediction for length 8 and allele HLA-A*01:01 not possible with syfpeithi version 1.0.
2024-02-11 13:44:39,691 - __main__ - INFO - Finished predictions at 2024-02-11 13:44:39
2024-02-11 13:47:23,722 - __main__ - INFO - Running Epitope Prediction And Annotation version: 1.1
2024-02-11 13:47:23,722 - __main__ - INFO - Starting predictions at 2024-02-11 13:47:23
2024-02-11 13:47:23,722 - __main__ - INFO - Running epaa for variants...
2024-02-11 13:47:24,881 - __main__ - ERROR - No supported variant annotation string found. Skipping...
2024-02-11 13:47:24,881 - __main__ - ERROR - No supported variant annotation string found. Skipping...
2024-02-11 13:47:24,884 - __main__ - ERROR - No supported variant annotation string found. Skipping...
2024-02-11 13:47:24,885 - __main__ - ERROR - No supported variant annotation string found. Skipping...
2024-02-11 13:47:24,894 - __main__ - ERROR - No supported variant annotation string found. Skipping...
2024-02-11 13:47:24,896 - __main__ - ERROR - No supported variant annotation string found. Skipping...
2024-02-11 13:47:24,914 - __main__ - ERROR - No supported variant annotation string found. Skipping...
2024-02-11 13:47:24,915 - __main__ - ERROR - No supported variant annotation string found. Skipping...
2024-02-11 13:47:24,915 - __main__ - ERROR - No supported variant annotation string found. Skipping...
2024-02-11 13:47:33,192 - __main__ - WARNING - Prediction for length 8 and allele HLA-A*01:01 not possible with syfpeithi version 1.0.
2024-02-11 13:47:37,776 - __main__ - INFO - Finished predictions at 2024-02-11 13:47:37
2024-02-11 13:48:06,302 - __main__ - INFO - Running Epitope Prediction And Annotation version: 1.1
2024-02-11 13:48:06,302 - __main__ - INFO - Starting predictions at 2024-02-11 13:48:06
2024-02-11 13:48:06,302 - __main__ - INFO - Running epaa for variants...
2024-02-11 13:48:07,368 - __main__ - ERROR - No supported variant annotation string found. Skipping...
2024-02-11 13:48:07,368 - __main__ - ERROR - No supported variant annotation string found. Skipping...
2024-02-11 13:48:07,370 - __main__ - ERROR - No supported variant annotation string found. Skipping...
2024-02-11 13:48:07,371 - __main__ - ERROR - No supported variant annotation string found. Skipping...
2024-02-11 13:48:07,378 - __main__ - ERROR - No supported variant annotation string found. Skipping...
2024-02-11 13:48:07,379 - __main__ - ERROR - No supported variant annotation string found. Skipping...
2024-02-11 13:48:07,393 - __main__ - ERROR - No supported variant annotation string found. Skipping...
2024-02-11 13:48:07,394 - __main__ - ERROR - No supported variant annotation string found. Skipping...
2024-02-11 13:48:07,395 - __main__ - ERROR - No supported variant annotation string found. Skipping...
2024-02-11 13:48:14,902 - __main__ - WARNING - Prediction for length 8 and allele HLA-A*01:01 not possible with syfpeithi version 1.0.
2024-02-11 13:48:23,994 - __main__ - INFO - Finished predictions at 2024-02-11 13:48:23
2024-02-11 13:48:37,601 - __main__ - INFO - Running Epitope Prediction And Annotation version: 1.1
2024-02-11 13:48:37,601 - __main__ - INFO - Starting predictions at 2024-02-11 13:48:37
2024-02-11 13:48:37,601 - __main__ - INFO - Running epaa for variants...
2024-02-11 13:48:38,733 - __main__ - ERROR - No supported variant annotation string found. Skipping...
2024-02-11 13:48:38,733 - __main__ - ERROR - No supported variant annotation string found. Skipping...
2024-02-11 13:48:38,736 - __main__ - ERROR - No supported variant annotation string found. Skipping...
2024-02-11 13:48:38,737 - __main__ - ERROR - No supported variant annotation string found. Skipping...
2024-02-11 13:48:38,747 - __main__ - ERROR - No supported variant annotation string found. Skipping...
2024-02-11 13:48:38,753 - __main__ - ERROR - No supported variant annotation string found. Skipping...
2024-02-11 13:48:38,775 - __main__ - ERROR - No supported variant annotation string found. Skipping...
2024-02-11 13:48:38,776 - __main__ - ERROR - No supported variant annotation string found. Skipping...
2024-02-11 13:48:38,777 - __main__ - ERROR - No supported variant annotation string found. Skipping...
2024-02-11 13:48:45,964 - __main__ - WARNING - Prediction for length 8 and allele HLA-A*01:01 not possible with syfpeithi version 1.0.
2024-02-11 13:48:50,689 - __main__ - INFO - Finished predictions at 2024-02-11 13:48:50
2024-02-11 13:49:49,409 - __main__ - INFO - Running Epitope Prediction And Annotation version: 1.1
2024-02-11 13:49:49,410 - __main__ - INFO - Starting predictions at 2024-02-11 13:49:49
2024-02-11 13:49:49,410 - __main__ - INFO - Running epaa for variants...
2024-02-11 13:49:50,581 - __main__ - ERROR - No supported variant annotation string found. Skipping...
2024-02-11 13:49:50,581 - __main__ - ERROR - No supported variant annotation string found. Skipping...
2024-02-11 13:49:50,584 - __main__ - ERROR - No supported variant annotation string found. Skipping...
2024-02-11 13:49:50,585 - __main__ - ERROR - No supported variant annotation string found. Skipping...
2024-02-11 13:49:50,592 - __main__ - ERROR - No supported variant annotation string found. Skipping...
2024-02-11 13:49:50,593 - __main__ - ERROR - No supported variant annotation string found. Skipping...
2024-02-11 13:49:50,609 - __main__ - ERROR - No supported variant annotation string found. Skipping...
2024-02-11 13:49:50,609 - __main__ - ERROR - No supported variant annotation string found. Skipping...
2024-02-11 13:49:50,610 - __main__ - ERROR - No supported variant annotation string found. Skipping...
2024-02-11 13:49:57,727 - __main__ - WARNING - Prediction for length 8 and allele HLA-A*01:01 not possible with syfpeithi version 1.0.
2024-02-11 13:50:03,340 - __main__ - INFO - Finished predictions at 2024-02-11 13:50:03
2024-02-11 13:59:52,197 - __main__ - INFO - Running Epitope Prediction And Annotation version: 1.1
2024-02-11 13:59:52,197 - __main__ - INFO - Starting predictions at 2024-02-11 13:59:52
2024-02-11 13:59:52,197 - __main__ - INFO - Running epaa for variants...
2024-02-11 13:59:53,270 - __main__ - ERROR - No supported variant annotation string found. Skipping...
2024-02-11 13:59:53,270 - __main__ - ERROR - No supported variant annotation string found. Skipping...
2024-02-11 13:59:53,273 - __main__ - ERROR - No supported variant annotation string found. Skipping...
2024-02-11 13:59:53,273 - __main__ - ERROR - No supported variant annotation string found. Skipping...
2024-02-11 13:59:53,281 - __main__ - ERROR - No supported variant annotation string found. Skipping...
2024-02-11 13:59:53,282 - __main__ - ERROR - No supported variant annotation string found. Skipping...
2024-02-11 13:59:53,296 - __main__ - ERROR - No supported variant annotation string found. Skipping...
2024-02-11 13:59:53,296 - __main__ - ERROR - No supported variant annotation string found. Skipping...
2024-02-11 13:59:53,297 - __main__ - ERROR - No supported variant annotation string found. Skipping...
2024-02-11 14:02:51,161 - __main__ - INFO - Running Epitope Prediction And Annotation version: 1.1
2024-02-11 14:02:51,161 - __main__ - INFO - Starting predictions at 2024-02-11 14:02:51
2024-02-11 14:02:51,161 - __main__ - INFO - Running epaa for variants...
2024-02-11 14:02:52,231 - __main__ - ERROR - No supported variant annotation string found. Skipping...
2024-02-11 14:02:52,231 - __main__ - ERROR - No supported variant annotation string found. Skipping...
2024-02-11 14:02:52,234 - __main__ - ERROR - No supported variant annotation string found. Skipping...
2024-02-11 14:02:52,235 - __main__ - ERROR - No supported variant annotation string found. Skipping...
2024-02-11 14:02:52,242 - __main__ - ERROR - No supported variant annotation string found. Skipping...
2024-02-11 14:02:52,243 - __main__ - ERROR - No supported variant annotation string found. Skipping...
2024-02-11 14:02:52,262 - __main__ - ERROR - No supported variant annotation string found. Skipping...
2024-02-11 14:02:52,263 - __main__ - ERROR - No supported variant annotation string found. Skipping...
2024-02-11 14:02:52,266 - __main__ - ERROR - No supported variant annotation string found. Skipping...
2024-02-11 14:02:59,091 - __main__ - WARNING - Prediction for length 8 and allele HLA-A*01:01 not possible with syfpeithi version 1.0.
2024-02-11 14:03:03,605 - __main__ - INFO - Finished predictions at 2024-02-11 14:03:03
2024-02-11 14:24:10,374 - __main__ - INFO - Running Epitope Prediction And Annotation version: 1.1
2024-02-11 14:24:10,374 - __main__ - INFO - Starting predictions at 2024-02-11 14:24:10
2024-02-11 14:24:10,374 - __main__ - INFO - Running epaa for variants...
2024-02-11 14:24:11,443 - __main__ - ERROR - No supported variant annotation string found. Skipping...
2024-02-11 14:24:11,443 - __main__ - ERROR - No supported variant annotation string found. Skipping...
2024-02-11 14:24:11,446 - __main__ - ERROR - No supported variant annotation string found. Skipping...
2024-02-11 14:24:11,447 - __main__ - ERROR - No supported variant annotation string found. Skipping...
2024-02-11 14:24:11,454 - __main__ - ERROR - No supported variant annotation string found. Skipping...
2024-02-11 14:24:11,455 - __main__ - ERROR - No supported variant annotation string found. Skipping...
2024-02-11 14:24:11,469 - __main__ - ERROR - No supported variant annotation string found. Skipping...
2024-02-11 14:24:11,470 - __main__ - ERROR - No supported variant annotation string found. Skipping...
2024-02-11 14:24:11,471 - __main__ - ERROR - No supported variant annotation string found. Skipping...
2024-02-11 14:24:18,228 - __main__ - WARNING - Prediction for length 8 and allele HLA-A*01:01 not possible with syfpeithi version 1.0.
2024-02-11 14:24:22,767 - __main__ - INFO - Finished predictions at 2024-02-11 14:24:22
2024-02-11 14:25:15,123 - __main__ - INFO - Running Epitope Prediction And Annotation version: 1.1
2024-02-11 14:25:15,123 - __main__ - INFO - Starting predictions at 2024-02-11 14:25:15
2024-02-11 14:25:15,123 - __main__ - INFO - Running epaa for variants...
2024-02-11 14:25:16,186 - __main__ - ERROR - No supported variant annotation string found. Skipping...
2024-02-11 14:25:16,187 - __main__ - ERROR - No supported variant annotation string found. Skipping...
2024-02-11 14:25:16,189 - __main__ - ERROR - No supported variant annotation string found. Skipping...
2024-02-11 14:25:16,190 - __main__ - ERROR - No supported variant annotation string found. Skipping...
2024-02-11 14:25:16,197 - __main__ - ERROR - No supported variant annotation string found. Skipping...
2024-02-11 14:25:16,198 - __main__ - ERROR - No supported variant annotation string found. Skipping...
2024-02-11 14:25:16,212 - __main__ - ERROR - No supported variant annotation string found. Skipping...
2024-02-11 14:25:16,213 - __main__ - ERROR - No supported variant annotation string found. Skipping...
2024-02-11 14:25:16,214 - __main__ - ERROR - No supported variant annotation string found. Skipping...
2024-02-11 14:25:23,069 - __main__ - WARNING - Prediction for length 8 and allele HLA-A*01:01 not possible with syfpeithi version 1.0.
2024-02-11 14:25:27,344 - __main__ - INFO - Finished predictions at 2024-02-11 14:25:27
