Feb-20 21:10:41.585 [main] DEBUG nextflow.cli.Launcher - $> nextflow run main.nf -resume
Feb-20 21:10:41.853 [main] INFO  nextflow.cli.CmdRun - N E X T F L O W  ~  version 23.10.1
Feb-20 21:10:41.884 [main] DEBUG nextflow.plugin.PluginsFacade - Setting up plugin manager > mode=prod; embedded=false; plugins-dir=/home/samuel/.nextflow/plugins; core-plugins: nf-amazon@2.1.4,nf-azure@1.3.3,nf-cloudcache@0.3.0,nf-codecommit@0.1.5,nf-console@1.0.6,nf-ga4gh@1.1.0,nf-google@1.8.3,nf-tower@1.6.3,nf-wave@1.0.1
Feb-20 21:10:41.907 [main] INFO  o.pf4j.DefaultPluginStatusProvider - Enabled plugins: []
Feb-20 21:10:41.909 [main] INFO  o.pf4j.DefaultPluginStatusProvider - Disabled plugins: []
Feb-20 21:10:41.917 [main] INFO  org.pf4j.DefaultPluginManager - PF4J version 3.4.1 in 'deployment' mode
Feb-20 21:10:41.935 [main] INFO  org.pf4j.AbstractPluginManager - No plugins
Feb-20 21:10:41.964 [main] DEBUG nextflow.config.ConfigBuilder - Found config local: /home/samuel/Documents/UNILA/sarscovHLAFoz/MutationPipeline/nextflow.config
Feb-20 21:10:41.966 [main] DEBUG nextflow.config.ConfigBuilder - Parsing config file: /home/samuel/Documents/UNILA/sarscovHLAFoz/MutationPipeline/nextflow.config
Feb-20 21:10:42.005 [main] DEBUG nextflow.config.ConfigBuilder - Applying config profile: `standard`
Feb-20 21:10:42.901 [main] DEBUG nextflow.cli.CmdRun - Applied DSL=2 from script declararion
Feb-20 21:10:42.917 [main] INFO  nextflow.cli.CmdRun - Launching `main.nf` [modest_mcclintock] DSL2 - revision: 4a54530531
Feb-20 21:10:42.918 [main] DEBUG nextflow.plugin.PluginsFacade - Plugins default=[]
Feb-20 21:10:42.919 [main] DEBUG nextflow.plugin.PluginsFacade - Plugins resolved requirement=[]
Feb-20 21:10:42.932 [main] DEBUG n.secret.LocalSecretsProvider - Secrets store: /home/samuel/.nextflow/secrets/store.json
Feb-20 21:10:42.939 [main] DEBUG nextflow.secret.SecretsLoader - Discovered secrets providers: [nextflow.secret.LocalSecretsProvider@7a485a36] - activable => nextflow.secret.LocalSecretsProvider@7a485a36
Feb-20 21:10:43.028 [main] DEBUG nextflow.Session - Session UUID: 037d03d1-416d-41d9-9117-7704c2ff08b4
Feb-20 21:10:43.028 [main] DEBUG nextflow.Session - Run name: modest_mcclintock
Feb-20 21:10:43.029 [main] DEBUG nextflow.Session - Executor pool size: 4
Feb-20 21:10:43.037 [main] DEBUG nextflow.file.FilePorter - File porter settings maxRetries=3; maxTransfers=50; pollTimeout=null
Feb-20 21:10:43.063 [main] DEBUG nextflow.cli.CmdRun - 
  Version: 23.10.1 build 5891
  Created: 12-01-2024 22:01 UTC (19:01 BRST)
  System: Linux 6.5.0-18-generic
  Runtime: Groovy 3.0.19 on OpenJDK 64-Bit Server VM 21-internal-adhoc.conda.src
  Encoding: UTF-8 (UTF-8)
  Process: 63259@schagaspc [127.0.1.1]
  CPUs: 4 - Mem: 15.5 GB (2.3 GB) - Swap: 2 GB (2 GB) - Virtual threads ON
Feb-20 21:10:43.135 [main] DEBUG nextflow.Session - Work-dir: /home/samuel/Documents/UNILA/sarscovHLAFoz/MutationPipeline/work [ext2/ext3]
Feb-20 21:10:43.156 [main] DEBUG nextflow.executor.ExecutorFactory - Extension executors providers=[]
Feb-20 21:10:43.171 [main] DEBUG nextflow.Session - Observer factory: DefaultObserverFactory
Feb-20 21:10:43.201 [main] DEBUG nextflow.cache.CacheFactory - Using Nextflow cache factory: nextflow.cache.DefaultCacheFactory
Feb-20 21:10:43.214 [main] DEBUG nextflow.util.CustomPoolFactory - Creating virtual thread pool
Feb-20 21:10:43.321 [main] DEBUG nextflow.Session - Session start
Feb-20 21:10:43.577 [main] DEBUG nextflow.script.ScriptRunner - > Launching execution
Feb-20 21:10:44.133 [main] DEBUG nextflow.script.ProcessConfig - Config settings `withName:GET_GISAID_SEQUENCES|GET_REFSEQ_SARS` matches process GET_REFSEQ_SARS
Feb-20 21:10:44.168 [main] DEBUG nextflow.executor.ExecutorFactory - << taskConfig executor: null
Feb-20 21:10:44.169 [main] DEBUG nextflow.executor.ExecutorFactory - >> processorType: 'local'
Feb-20 21:10:44.177 [main] DEBUG nextflow.executor.Executor - [warm up] executor > local
Feb-20 21:10:44.186 [main] DEBUG n.processor.LocalPollingMonitor - Creating local task monitor for executor 'local' > cpus=4; memory=15.5 GB; capacity=4; pollInterval=100ms; dumpInterval=5m
Feb-20 21:10:44.189 [main] DEBUG n.processor.TaskPollingMonitor - >>> barrier register (monitor: local)
Feb-20 21:10:44.304 [main] DEBUG nextflow.script.ProcessConfig - Config settings `withName:GET_GISAID_SEQUENCES|GET_REFSEQ_SARS` matches process GET_GISAID_SEQUENCES
Feb-20 21:10:44.305 [main] DEBUG nextflow.executor.ExecutorFactory - << taskConfig executor: null
Feb-20 21:10:44.306 [main] DEBUG nextflow.executor.ExecutorFactory - >> processorType: 'local'
Feb-20 21:10:44.312 [main] DEBUG nextflow.script.ProcessConfig - Config settings `withName:SELECT_BY_LINEAGE|RUN_MAPPING_MINIMAP2|VARIANT_CALLER|RUN_ANNOT_SNPEFF` matches process SELECT_BY_LINEAGE
Feb-20 21:10:44.314 [main] DEBUG nextflow.executor.ExecutorFactory - << taskConfig executor: null
Feb-20 21:10:44.314 [main] DEBUG nextflow.executor.ExecutorFactory - >> processorType: 'local'
Feb-20 21:10:44.339 [main] DEBUG nextflow.script.ProcessConfig - Config settings `withName:SELECT_BY_LINEAGE|RUN_MAPPING_MINIMAP2|VARIANT_CALLER|RUN_ANNOT_SNPEFF` matches process RUN_MAPPING_MINIMAP2
Feb-20 21:10:44.344 [main] DEBUG nextflow.executor.ExecutorFactory - << taskConfig executor: null
Feb-20 21:10:44.344 [main] DEBUG nextflow.executor.ExecutorFactory - >> processorType: 'local'
Feb-20 21:10:44.351 [main] DEBUG nextflow.script.ProcessConfig - Config settings `withName:SELECT_BY_LINEAGE|RUN_MAPPING_MINIMAP2|VARIANT_CALLER|RUN_ANNOT_SNPEFF` matches process VARIANT_CALLER
Feb-20 21:10:44.354 [main] DEBUG nextflow.executor.ExecutorFactory - << taskConfig executor: null
Feb-20 21:10:44.355 [main] DEBUG nextflow.executor.ExecutorFactory - >> processorType: 'local'
Feb-20 21:10:44.360 [main] DEBUG nextflow.script.ProcessConfig - Config settings `withName:SELECT_BY_LINEAGE|RUN_MAPPING_MINIMAP2|VARIANT_CALLER|RUN_ANNOT_SNPEFF` matches process RUN_ANNOT_SNPEFF
Feb-20 21:10:44.361 [main] DEBUG nextflow.executor.ExecutorFactory - << taskConfig executor: null
Feb-20 21:10:44.362 [main] DEBUG nextflow.executor.ExecutorFactory - >> processorType: 'local'
Feb-20 21:10:44.369 [main] DEBUG nextflow.script.ProcessConfig - Config settings `withName:RUN_EPYTOPE_PREDICTION` matches process RUN_EPYTOPE_PREDICTION
Feb-20 21:10:44.371 [main] DEBUG nextflow.executor.ExecutorFactory - << taskConfig executor: null
Feb-20 21:10:44.371 [main] DEBUG nextflow.executor.ExecutorFactory - >> processorType: 'local'
Feb-20 21:10:44.377 [main] DEBUG nextflow.Session - Workflow process names [dsl2]: GET_REFSEQ_SARS, SELECT_BY_LINEAGE, VARIANT_CALLER, RUN_MAPPING_MINIMAP2, RUN_EPYTOPE_PREDICTION, RUN_ANNOT_SNPEFF, GET_GISAID_SEQUENCES
Feb-20 21:10:44.379 [main] DEBUG nextflow.Session - Igniting dataflow network (7)
Feb-20 21:10:44.380 [main] DEBUG nextflow.processor.TaskProcessor - Starting process > GET_REFSEQ_SARS
Feb-20 21:10:44.382 [main] DEBUG nextflow.processor.TaskProcessor - Starting process > GET_GISAID_SEQUENCES
Feb-20 21:10:44.385 [main] DEBUG nextflow.processor.TaskProcessor - Starting process > SELECT_BY_LINEAGE
Feb-20 21:10:44.387 [main] DEBUG nextflow.processor.TaskProcessor - Starting process > RUN_MAPPING_MINIMAP2
Feb-20 21:10:44.391 [main] DEBUG nextflow.processor.TaskProcessor - Starting process > VARIANT_CALLER
Feb-20 21:10:44.395 [main] DEBUG nextflow.processor.TaskProcessor - Starting process > RUN_ANNOT_SNPEFF
Feb-20 21:10:44.397 [main] DEBUG nextflow.processor.TaskProcessor - Starting process > RUN_EPYTOPE_PREDICTION
Feb-20 21:10:44.399 [main] DEBUG nextflow.script.ScriptRunner - Parsed script files:
  Script_1f5cbed32729961f: /home/samuel/Documents/UNILA/sarscovHLAFoz/MutationPipeline/main.nf
  Script_9b0cded9767e075a: /home/samuel/Documents/UNILA/sarscovHLAFoz/MutationPipeline/./modules.nf
Feb-20 21:10:44.399 [main] DEBUG nextflow.script.ScriptRunner - > Awaiting termination 
Feb-20 21:10:44.399 [main] DEBUG nextflow.Session - Session await
Feb-20 21:10:44.551 [Actor Thread 15] DEBUG nextflow.conda.CondaCache - conda found local env for environment=/home/samuel/anaconda3/envs/epytope2; path=/home/samuel/anaconda3/envs/epytope2
Feb-20 21:10:44.704 [Actor Thread 12] INFO  nextflow.processor.TaskProcessor - [03/bbc63d] Cached process > GET_GISAID_SEQUENCES
Feb-20 21:10:44.704 [Actor Thread 11] INFO  nextflow.processor.TaskProcessor - [07/b2bdea] Cached process > GET_REFSEQ_SARS
Feb-20 21:10:44.753 [Actor Thread 21] INFO  nextflow.processor.TaskProcessor - [0e/74745f] Cached process > SELECT_BY_LINEAGE
Feb-20 21:10:44.841 [Actor Thread 29] INFO  nextflow.processor.TaskProcessor - [a2/ae458b] Cached process > RUN_MAPPING_MINIMAP2 (1)
Feb-20 21:10:44.857 [Actor Thread 31] INFO  nextflow.processor.TaskProcessor - [42/5db47a] Cached process > RUN_MAPPING_MINIMAP2 (2)
Feb-20 21:10:44.864 [Actor Thread 35] INFO  nextflow.processor.TaskProcessor - [19/eb664a] Cached process > RUN_MAPPING_MINIMAP2 (3)
Feb-20 21:10:44.875 [Actor Thread 38] INFO  nextflow.processor.TaskProcessor - [98/5a7b76] Cached process > RUN_MAPPING_MINIMAP2 (4)
Feb-20 21:10:44.884 [Actor Thread 41] INFO  nextflow.processor.TaskProcessor - [03/98ede8] Cached process > VARIANT_CALLER (1)
Feb-20 21:10:44.916 [Actor Thread 45] INFO  nextflow.processor.TaskProcessor - [80/b055f7] Cached process > VARIANT_CALLER (3)
Feb-20 21:10:44.922 [Actor Thread 44] INFO  nextflow.processor.TaskProcessor - [ef/568219] Cached process > VARIANT_CALLER (2)
Feb-20 21:10:44.951 [Actor Thread 49] INFO  nextflow.processor.TaskProcessor - [8c/88009a] Cached process > RUN_MAPPING_MINIMAP2 (5)
Feb-20 21:10:44.964 [Actor Thread 58] INFO  nextflow.processor.TaskProcessor - [e3/5ef5e8] Cached process > RUN_ANNOT_SNPEFF (2)
Feb-20 21:10:44.974 [Actor Thread 57] INFO  nextflow.processor.TaskProcessor - [d8/4953ed] Cached process > RUN_ANNOT_SNPEFF (1)
Feb-20 21:10:44.980 [Actor Thread 54] INFO  nextflow.processor.TaskProcessor - [1d/5ce4e4] Cached process > VARIANT_CALLER (4)
Feb-20 21:10:44.984 [Actor Thread 66] INFO  nextflow.processor.TaskProcessor - [b7/f693a4] Cached process > VARIANT_CALLER (5)
Feb-20 21:10:44.999 [Actor Thread 55] INFO  nextflow.processor.TaskProcessor - [3e/978605] Cached process > RUN_MAPPING_MINIMAP2 (6)
Feb-20 21:10:45.013 [Actor Thread 69] INFO  nextflow.processor.TaskProcessor - [94/e82547] Cached process > RUN_ANNOT_SNPEFF (4)
Feb-20 21:10:45.020 [Actor Thread 59] INFO  nextflow.processor.TaskProcessor - [bd/849063] Cached process > RUN_ANNOT_SNPEFF (3)
Feb-20 21:10:45.027 [Actor Thread 72] INFO  nextflow.processor.TaskProcessor - [bb/b1abbb] Cached process > RUN_MAPPING_MINIMAP2 (8)
Feb-20 21:10:45.028 [Actor Thread 67] INFO  nextflow.processor.TaskProcessor - [67/a12d4a] Cached process > RUN_MAPPING_MINIMAP2 (7)
Feb-20 21:10:45.052 [Actor Thread 77] DEBUG nextflow.conda.CondaCache - conda found local env for environment=/home/samuel/anaconda3/envs/epytope; path=/home/samuel/anaconda3/envs/epytope
Feb-20 21:10:45.068 [Actor Thread 76] INFO  nextflow.processor.TaskProcessor - [d6/b356b3] Cached process > RUN_ANNOT_SNPEFF (5)
Feb-20 21:10:45.092 [Actor Thread 78] INFO  nextflow.processor.TaskProcessor - [d0/7dd5fd] Cached process > RUN_MAPPING_MINIMAP2 (9)
Feb-20 21:10:45.163 [Actor Thread 86] INFO  nextflow.processor.TaskProcessor - [f8/be940e] Cached process > RUN_MAPPING_MINIMAP2 (10)
Feb-20 21:10:45.164 [Actor Thread 89] INFO  nextflow.processor.TaskProcessor - [75/582ee5] Cached process > VARIANT_CALLER (8)
Feb-20 21:10:45.170 [Actor Thread 85] INFO  nextflow.processor.TaskProcessor - [9a/68ab97] Cached process > VARIANT_CALLER (6)
Feb-20 21:10:45.177 [Actor Thread 88] INFO  nextflow.processor.TaskProcessor - [16/0a2a8d] Cached process > VARIANT_CALLER (7)
Feb-20 21:10:45.179 [Actor Thread 90] INFO  nextflow.processor.TaskProcessor - [cd/2abc23] Cached process > VARIANT_CALLER (9)
Feb-20 21:10:45.204 [Actor Thread 95] INFO  nextflow.processor.TaskProcessor - [d2/8954b9] Cached process > RUN_MAPPING_MINIMAP2 (11)
Feb-20 21:10:45.211 [Task submitter] DEBUG n.executor.local.LocalTaskHandler - Launch cmd line: /bin/bash -ue .command.run
Feb-20 21:10:45.214 [Task submitter] INFO  nextflow.Session - [67/b98385] Submitted process > RUN_EPYTOPE_PREDICTION (1)
Feb-20 21:10:45.223 [Actor Thread 102] INFO  nextflow.processor.TaskProcessor - [44/3cf5b5] Cached process > RUN_ANNOT_SNPEFF (6)
Feb-20 21:10:45.228 [Actor Thread 105] INFO  nextflow.processor.TaskProcessor - [53/327a66] Cached process > RUN_ANNOT_SNPEFF (7)
Feb-20 21:10:45.259 [Actor Thread 109] INFO  nextflow.processor.TaskProcessor - [63/dff3c4] Cached process > RUN_MAPPING_MINIMAP2 (12)
Feb-20 21:10:45.315 [Task submitter] DEBUG n.executor.local.LocalTaskHandler - Launch cmd line: /bin/bash -ue .command.run
Feb-20 21:10:45.316 [Task submitter] INFO  nextflow.Session - [6e/b793bf] Submitted process > RUN_EPYTOPE_PREDICTION (2)
Feb-20 21:10:45.356 [Actor Thread 107] INFO  nextflow.processor.TaskProcessor - [9f/736f63] Cached process > RUN_ANNOT_SNPEFF (8)
Feb-20 21:10:45.379 [Actor Thread 114] INFO  nextflow.processor.TaskProcessor - [05/4cfcc8] Cached process > RUN_MAPPING_MINIMAP2 (13)
Feb-20 21:10:45.427 [Actor Thread 123] INFO  nextflow.processor.TaskProcessor - [8b/9d7e48] Cached process > RUN_ANNOT_SNPEFF (9)
Feb-20 21:10:45.534 [Actor Thread 125] INFO  nextflow.processor.TaskProcessor - [82/d12c98] Cached process > RUN_MAPPING_MINIMAP2 (14)
Feb-20 21:10:45.604 [Actor Thread 129] INFO  nextflow.processor.TaskProcessor - [b5/e8b040] Cached process > RUN_MAPPING_MINIMAP2 (15)
Feb-20 21:10:45.612 [Task submitter] DEBUG n.executor.local.LocalTaskHandler - Launch cmd line: /bin/bash -ue .command.run
Feb-20 21:10:45.613 [Task submitter] INFO  nextflow.Session - [c1/b624b0] Submitted process > RUN_EPYTOPE_PREDICTION (3)
Feb-20 21:10:45.640 [Task submitter] DEBUG n.executor.local.LocalTaskHandler - Launch cmd line: /bin/bash -ue .command.run
Feb-20 21:10:45.641 [Task submitter] INFO  nextflow.Session - [63/592cc7] Submitted process > RUN_EPYTOPE_PREDICTION (4)
Feb-20 21:10:45.728 [Actor Thread 130] INFO  nextflow.processor.TaskProcessor - [85/137305] Cached process > RUN_MAPPING_MINIMAP2 (16)
Feb-20 21:10:45.849 [Actor Thread 135] INFO  nextflow.processor.TaskProcessor - [8e/4c980e] Cached process > VARIANT_CALLER (10)
Feb-20 21:10:45.904 [Actor Thread 137] INFO  nextflow.processor.TaskProcessor - [e7/9717ec] Cached process > RUN_MAPPING_MINIMAP2 (17)
Feb-20 21:10:45.987 [Actor Thread 143] INFO  nextflow.processor.TaskProcessor - [cc/840924] Cached process > RUN_MAPPING_MINIMAP2 (18)
Feb-20 21:10:46.024 [Actor Thread 144] INFO  nextflow.processor.TaskProcessor - [fc/7320c0] Cached process > VARIANT_CALLER (11)
Feb-20 21:10:46.061 [Actor Thread 147] INFO  nextflow.processor.TaskProcessor - [2e/b4d8b4] Cached process > VARIANT_CALLER (12)
Feb-20 21:10:46.088 [Actor Thread 149] INFO  nextflow.processor.TaskProcessor - [28/82803c] Cached process > VARIANT_CALLER (13)
Feb-20 21:10:46.130 [Actor Thread 150] INFO  nextflow.processor.TaskProcessor - [fd/759ae7] Cached process > RUN_MAPPING_MINIMAP2 (19)
Feb-20 21:10:46.138 [Actor Thread 153] INFO  nextflow.processor.TaskProcessor - [c4/65daf9] Cached process > RUN_MAPPING_MINIMAP2 (20)
Feb-20 21:10:46.273 [Actor Thread 155] INFO  nextflow.processor.TaskProcessor - [14/4ed092] Cached process > RUN_MAPPING_MINIMAP2 (21)
Feb-20 21:10:46.308 [Actor Thread 161] INFO  nextflow.processor.TaskProcessor - [03/6d399f] Cached process > VARIANT_CALLER (14)
Feb-20 21:10:46.464 [Actor Thread 166] INFO  nextflow.processor.TaskProcessor - [bf/accf76] Cached process > RUN_ANNOT_SNPEFF (10)
Feb-20 21:10:46.496 [Actor Thread 168] INFO  nextflow.processor.TaskProcessor - [ec/7d6b30] Cached process > RUN_ANNOT_SNPEFF (11)
Feb-20 21:10:46.566 [Actor Thread 173] INFO  nextflow.processor.TaskProcessor - [91/cced71] Cached process > RUN_ANNOT_SNPEFF (12)
Feb-20 21:10:46.583 [Actor Thread 164] INFO  nextflow.processor.TaskProcessor - [6b/547868] Cached process > VARIANT_CALLER (15)
Feb-20 21:10:46.753 [Actor Thread 178] INFO  nextflow.processor.TaskProcessor - [15/476794] Cached process > VARIANT_CALLER (16)
Feb-20 21:10:46.773 [Actor Thread 183] INFO  nextflow.processor.TaskProcessor - [8e/8de126] Cached process > RUN_ANNOT_SNPEFF (13)
Feb-20 21:10:46.791 [Actor Thread 192] INFO  nextflow.processor.TaskProcessor - [26/cf84bb] Cached process > VARIANT_CALLER (17)
Feb-20 21:10:46.880 [Actor Thread 195] INFO  nextflow.processor.TaskProcessor - [dc/f30614] Cached process > VARIANT_CALLER (18)
Feb-20 21:10:46.911 [Actor Thread 198] INFO  nextflow.processor.TaskProcessor - [ca/92cf7d] Cached process > VARIANT_CALLER (19)
Feb-20 21:10:47.000 [Actor Thread 202] INFO  nextflow.processor.TaskProcessor - [b7/6878e6] Cached process > RUN_ANNOT_SNPEFF (14)
Feb-20 21:10:47.004 [Actor Thread 199] INFO  nextflow.processor.TaskProcessor - [64/a760a7] Cached process > VARIANT_CALLER (20)
Feb-20 21:10:47.032 [Actor Thread 206] INFO  nextflow.processor.TaskProcessor - [1b/2afadf] Cached process > RUN_ANNOT_SNPEFF (15)
Feb-20 21:10:47.058 [Actor Thread 209] INFO  nextflow.processor.TaskProcessor - [e7/5fd3ac] Cached process > RUN_ANNOT_SNPEFF (16)
Feb-20 21:10:47.108 [Actor Thread 205] INFO  nextflow.processor.TaskProcessor - [65/6cf362] Cached process > VARIANT_CALLER (21)
Feb-20 21:10:47.191 [Actor Thread 211] INFO  nextflow.processor.TaskProcessor - [6a/16b152] Cached process > RUN_ANNOT_SNPEFF (17)
Feb-20 21:10:47.299 [Actor Thread 216] INFO  nextflow.processor.TaskProcessor - [07/fd0685] Cached process > RUN_ANNOT_SNPEFF (18)
Feb-20 21:10:47.402 [Actor Thread 228] INFO  nextflow.processor.TaskProcessor - [fb/84399f] Cached process > RUN_ANNOT_SNPEFF (20)
Feb-20 21:10:47.415 [Actor Thread 220] INFO  nextflow.processor.TaskProcessor - [4a/d651aa] Cached process > RUN_ANNOT_SNPEFF (19)
Feb-20 21:10:47.507 [Actor Thread 234] INFO  nextflow.processor.TaskProcessor - [d7/0c341a] Cached process > RUN_ANNOT_SNPEFF (21)
Feb-20 21:11:24.694 [Task monitor] DEBUG n.processor.TaskPollingMonitor - Task completed > TaskHandler[id: 31; name: RUN_EPYTOPE_PREDICTION (4); status: COMPLETED; exit: 0; error: -; workDir: /home/samuel/Documents/UNILA/sarscovHLAFoz/MutationPipeline/work/63/592cc7b38e306ed16896f5239a96b2]
Feb-20 21:11:24.698 [Task submitter] DEBUG n.executor.local.LocalTaskHandler - Launch cmd line: /bin/bash -ue .command.run
Feb-20 21:11:24.702 [Task submitter] INFO  nextflow.Session - [60/4cfdb9] Submitted process > RUN_EPYTOPE_PREDICTION (5)
Feb-20 21:13:12.419 [Task monitor] DEBUG n.processor.TaskPollingMonitor - Task completed > TaskHandler[id: 23; name: RUN_EPYTOPE_PREDICTION (1); status: COMPLETED; exit: 0; error: -; workDir: /home/samuel/Documents/UNILA/sarscovHLAFoz/MutationPipeline/work/67/b98385d3057432177fbae79f3223af]
Feb-20 21:13:12.422 [Task submitter] DEBUG n.executor.local.LocalTaskHandler - Launch cmd line: /bin/bash -ue .command.run
Feb-20 21:13:12.422 [Task submitter] INFO  nextflow.Session - [65/eb648a] Submitted process > RUN_EPYTOPE_PREDICTION (6)
Feb-20 21:13:29.421 [Task monitor] DEBUG n.processor.TaskPollingMonitor - Task completed > TaskHandler[id: 24; name: RUN_EPYTOPE_PREDICTION (2); status: COMPLETED; exit: 0; error: -; workDir: /home/samuel/Documents/UNILA/sarscovHLAFoz/MutationPipeline/work/6e/b793bfefd067c204d9c804a894d5c7]
Feb-20 21:13:29.424 [Task submitter] DEBUG n.executor.local.LocalTaskHandler - Launch cmd line: /bin/bash -ue .command.run
Feb-20 21:13:29.425 [Task submitter] INFO  nextflow.Session - [ac/5118ca] Submitted process > RUN_EPYTOPE_PREDICTION (7)
Feb-20 21:14:06.432 [Task monitor] DEBUG n.processor.TaskPollingMonitor - Task completed > TaskHandler[id: 39; name: RUN_EPYTOPE_PREDICTION (5); status: COMPLETED; exit: 0; error: -; workDir: /home/samuel/Documents/UNILA/sarscovHLAFoz/MutationPipeline/work/60/4cfdb9dc34b9a21d101484d7d86bde]
Feb-20 21:14:06.437 [Task submitter] DEBUG n.executor.local.LocalTaskHandler - Launch cmd line: /bin/bash -ue .command.run
Feb-20 21:14:06.437 [Task submitter] INFO  nextflow.Session - [5c/d719e7] Submitted process > RUN_EPYTOPE_PREDICTION (9)
Feb-20 21:14:23.084 [Task monitor] DEBUG n.processor.TaskPollingMonitor - Task completed > TaskHandler[id: 30; name: RUN_EPYTOPE_PREDICTION (3); status: COMPLETED; exit: 0; error: -; workDir: /home/samuel/Documents/UNILA/sarscovHLAFoz/MutationPipeline/work/c1/b624b03dc11e18195eba5019dcd8b3]
Feb-20 21:14:23.089 [Task submitter] DEBUG n.executor.local.LocalTaskHandler - Launch cmd line: /bin/bash -ue .command.run
Feb-20 21:14:23.089 [Task submitter] INFO  nextflow.Session - [ae/1a1776] Submitted process > RUN_EPYTOPE_PREDICTION (8)
Feb-20 21:15:06.618 [Task monitor] DEBUG n.processor.TaskPollingMonitor - Task completed > TaskHandler[id: 47; name: RUN_EPYTOPE_PREDICTION (8); status: COMPLETED; exit: 0; error: -; workDir: /home/samuel/Documents/UNILA/sarscovHLAFoz/MutationPipeline/work/ae/1a1776b606dfb26750d6532dc4bc79]
Feb-20 21:15:06.622 [Task submitter] DEBUG n.executor.local.LocalTaskHandler - Launch cmd line: /bin/bash -ue .command.run
Feb-20 21:15:06.622 [Task submitter] INFO  nextflow.Session - [49/703075] Submitted process > RUN_EPYTOPE_PREDICTION (10)
Feb-20 21:15:10.718 [Task monitor] DEBUG n.processor.TaskPollingMonitor - Task completed > TaskHandler[id: 42; name: RUN_EPYTOPE_PREDICTION (6); status: COMPLETED; exit: 0; error: -; workDir: /home/samuel/Documents/UNILA/sarscovHLAFoz/MutationPipeline/work/65/eb648a85529490dcdb642fdd7fd19b]
Feb-20 21:15:10.723 [Task submitter] DEBUG n.executor.local.LocalTaskHandler - Launch cmd line: /bin/bash -ue .command.run
Feb-20 21:15:10.727 [Task submitter] INFO  nextflow.Session - [90/637ea4] Submitted process > RUN_EPYTOPE_PREDICTION (11)
Feb-20 21:15:44.308 [Task monitor] DEBUG n.processor.TaskPollingMonitor - !! executor local > tasks to be completed: 4 -- submitted tasks are shown below
~> TaskHandler[id: 43; name: RUN_EPYTOPE_PREDICTION (7); status: RUNNING; exit: -; error: -; workDir: /home/samuel/Documents/UNILA/sarscovHLAFoz/MutationPipeline/work/ac/5118ca1e1c1ecff43f6d768ec898cc]
~> TaskHandler[id: 56; name: RUN_EPYTOPE_PREDICTION (9); status: RUNNING; exit: -; error: -; workDir: /home/samuel/Documents/UNILA/sarscovHLAFoz/MutationPipeline/work/5c/d719e748ce51486911b3bf5a1271d9]
~> TaskHandler[id: 62; name: RUN_EPYTOPE_PREDICTION (10); status: RUNNING; exit: -; error: -; workDir: /home/samuel/Documents/UNILA/sarscovHLAFoz/MutationPipeline/work/49/703075fb8efe30b7e56f87cd625676]
~> TaskHandler[id: 63; name: RUN_EPYTOPE_PREDICTION (11); status: RUNNING; exit: -; error: -; workDir: /home/samuel/Documents/UNILA/sarscovHLAFoz/MutationPipeline/work/90/637ea42a9f711b5fe246e0af50bb91]
Feb-20 21:15:45.747 [Task submitter] DEBUG n.processor.TaskPollingMonitor - %% executor local > tasks in the submission queue: 10 -- tasks to be submitted are shown below
~> TaskHandler[id: 65; name: RUN_EPYTOPE_PREDICTION (12); status: NEW; exit: -; error: -; workDir: /home/samuel/Documents/UNILA/sarscovHLAFoz/MutationPipeline/work/c4/3c60b1168f344310e78dc53fad5193]
~> TaskHandler[id: 70; name: RUN_EPYTOPE_PREDICTION (13); status: NEW; exit: -; error: -; workDir: /home/samuel/Documents/UNILA/sarscovHLAFoz/MutationPipeline/work/99/0c2702d3a609342744a2d02e6222e2]
~> TaskHandler[id: 77; name: RUN_EPYTOPE_PREDICTION (14); status: NEW; exit: -; error: -; workDir: /home/samuel/Documents/UNILA/sarscovHLAFoz/MutationPipeline/work/90/dbe30b9e0a15eb4e863f70d657320b]
~> TaskHandler[id: 79; name: RUN_EPYTOPE_PREDICTION (15); status: NEW; exit: -; error: -; workDir: /home/samuel/Documents/UNILA/sarscovHLAFoz/MutationPipeline/work/a8/6c5f8c70ca3938f5ea1dc86a31b8d6]
~> TaskHandler[id: 80; name: RUN_EPYTOPE_PREDICTION (16); status: NEW; exit: -; error: -; workDir: /home/samuel/Documents/UNILA/sarscovHLAFoz/MutationPipeline/work/54/1698175a3b83f277091cf561e18658]
~> TaskHandler[id: 83; name: RUN_EPYTOPE_PREDICTION (17); status: NEW; exit: -; error: -; workDir: /home/samuel/Documents/UNILA/sarscovHLAFoz/MutationPipeline/work/c3/bd5de5837d642bb25ffe46602c2463]
~> TaskHandler[id: 84; name: RUN_EPYTOPE_PREDICTION (18); status: NEW; exit: -; error: -; workDir: /home/samuel/Documents/UNILA/sarscovHLAFoz/MutationPipeline/work/95/55296320c4182090599124358033c5]
~> TaskHandler[id: 85; name: RUN_EPYTOPE_PREDICTION (19); status: NEW; exit: -; error: -; workDir: /home/samuel/Documents/UNILA/sarscovHLAFoz/MutationPipeline/work/90/986d87b46f57f049639dc7e3d51039]
~> TaskHandler[id: 86; name: RUN_EPYTOPE_PREDICTION (20); status: NEW; exit: -; error: -; workDir: /home/samuel/Documents/UNILA/sarscovHLAFoz/MutationPipeline/work/cf/827311d47adbdab3b402cdcc542f42]
~> TaskHandler[id: 87; name: RUN_EPYTOPE_PREDICTION (21); status: NEW; exit: -; error: -; workDir: /home/samuel/Documents/UNILA/sarscovHLAFoz/MutationPipeline/work/6e/04a923d7b8a6275c7a56df7ad3cc83]
Feb-20 21:18:19.073 [Task monitor] DEBUG n.processor.TaskPollingMonitor - Task completed > TaskHandler[id: 43; name: RUN_EPYTOPE_PREDICTION (7); status: COMPLETED; exit: 0; error: -; workDir: /home/samuel/Documents/UNILA/sarscovHLAFoz/MutationPipeline/work/ac/5118ca1e1c1ecff43f6d768ec898cc]
Feb-20 21:18:19.078 [Task submitter] DEBUG n.executor.local.LocalTaskHandler - Launch cmd line: /bin/bash -ue .command.run
Feb-20 21:18:19.078 [Task submitter] INFO  nextflow.Session - [c4/3c60b1] Submitted process > RUN_EPYTOPE_PREDICTION (12)
Feb-20 21:20:44.324 [Task monitor] DEBUG n.processor.TaskPollingMonitor - !! executor local > tasks to be completed: 4 -- submitted tasks are shown below
~> TaskHandler[id: 56; name: RUN_EPYTOPE_PREDICTION (9); status: RUNNING; exit: -; error: -; workDir: /home/samuel/Documents/UNILA/sarscovHLAFoz/MutationPipeline/work/5c/d719e748ce51486911b3bf5a1271d9]
~> TaskHandler[id: 62; name: RUN_EPYTOPE_PREDICTION (10); status: RUNNING; exit: -; error: -; workDir: /home/samuel/Documents/UNILA/sarscovHLAFoz/MutationPipeline/work/49/703075fb8efe30b7e56f87cd625676]
~> TaskHandler[id: 63; name: RUN_EPYTOPE_PREDICTION (11); status: RUNNING; exit: -; error: -; workDir: /home/samuel/Documents/UNILA/sarscovHLAFoz/MutationPipeline/work/90/637ea42a9f711b5fe246e0af50bb91]
~> TaskHandler[id: 65; name: RUN_EPYTOPE_PREDICTION (12); status: RUNNING; exit: -; error: -; workDir: /home/samuel/Documents/UNILA/sarscovHLAFoz/MutationPipeline/work/c4/3c60b1168f344310e78dc53fad5193]
Feb-20 21:20:46.116 [Task submitter] DEBUG n.processor.TaskPollingMonitor - %% executor local > tasks in the submission queue: 9 -- tasks to be submitted are shown below
~> TaskHandler[id: 70; name: RUN_EPYTOPE_PREDICTION (13); status: NEW; exit: -; error: -; workDir: /home/samuel/Documents/UNILA/sarscovHLAFoz/MutationPipeline/work/99/0c2702d3a609342744a2d02e6222e2]
~> TaskHandler[id: 77; name: RUN_EPYTOPE_PREDICTION (14); status: NEW; exit: -; error: -; workDir: /home/samuel/Documents/UNILA/sarscovHLAFoz/MutationPipeline/work/90/dbe30b9e0a15eb4e863f70d657320b]
~> TaskHandler[id: 79; name: RUN_EPYTOPE_PREDICTION (15); status: NEW; exit: -; error: -; workDir: /home/samuel/Documents/UNILA/sarscovHLAFoz/MutationPipeline/work/a8/6c5f8c70ca3938f5ea1dc86a31b8d6]
~> TaskHandler[id: 80; name: RUN_EPYTOPE_PREDICTION (16); status: NEW; exit: -; error: -; workDir: /home/samuel/Documents/UNILA/sarscovHLAFoz/MutationPipeline/work/54/1698175a3b83f277091cf561e18658]
~> TaskHandler[id: 83; name: RUN_EPYTOPE_PREDICTION (17); status: NEW; exit: -; error: -; workDir: /home/samuel/Documents/UNILA/sarscovHLAFoz/MutationPipeline/work/c3/bd5de5837d642bb25ffe46602c2463]
~> TaskHandler[id: 84; name: RUN_EPYTOPE_PREDICTION (18); status: NEW; exit: -; error: -; workDir: /home/samuel/Documents/UNILA/sarscovHLAFoz/MutationPipeline/work/95/55296320c4182090599124358033c5]
~> TaskHandler[id: 85; name: RUN_EPYTOPE_PREDICTION (19); status: NEW; exit: -; error: -; workDir: /home/samuel/Documents/UNILA/sarscovHLAFoz/MutationPipeline/work/90/986d87b46f57f049639dc7e3d51039]
~> TaskHandler[id: 86; name: RUN_EPYTOPE_PREDICTION (20); status: NEW; exit: -; error: -; workDir: /home/samuel/Documents/UNILA/sarscovHLAFoz/MutationPipeline/work/cf/827311d47adbdab3b402cdcc542f42]
~> TaskHandler[id: 87; name: RUN_EPYTOPE_PREDICTION (21); status: NEW; exit: -; error: -; workDir: /home/samuel/Documents/UNILA/sarscovHLAFoz/MutationPipeline/work/6e/04a923d7b8a6275c7a56df7ad3cc83]
Feb-20 21:21:26.038 [Task monitor] DEBUG n.processor.TaskPollingMonitor - Task completed > TaskHandler[id: 56; name: RUN_EPYTOPE_PREDICTION (9); status: COMPLETED; exit: 0; error: -; workDir: /home/samuel/Documents/UNILA/sarscovHLAFoz/MutationPipeline/work/5c/d719e748ce51486911b3bf5a1271d9]
Feb-20 21:21:26.058 [Task submitter] DEBUG n.executor.local.LocalTaskHandler - Launch cmd line: /bin/bash -ue .command.run
Feb-20 21:21:26.059 [Task submitter] INFO  nextflow.Session - [99/0c2702] Submitted process > RUN_EPYTOPE_PREDICTION (13)
Feb-20 21:22:12.975 [Task monitor] DEBUG n.processor.TaskPollingMonitor - Task completed > TaskHandler[id: 62; name: RUN_EPYTOPE_PREDICTION (10); status: COMPLETED; exit: 0; error: -; workDir: /home/samuel/Documents/UNILA/sarscovHLAFoz/MutationPipeline/work/49/703075fb8efe30b7e56f87cd625676]
Feb-20 21:22:12.979 [Task submitter] DEBUG n.executor.local.LocalTaskHandler - Launch cmd line: /bin/bash -ue .command.run
Feb-20 21:22:12.979 [Task submitter] INFO  nextflow.Session - [90/dbe30b] Submitted process > RUN_EPYTOPE_PREDICTION (14)
Feb-20 21:25:44.408 [Task monitor] DEBUG n.processor.TaskPollingMonitor - !! executor local > tasks to be completed: 4 -- submitted tasks are shown below
~> TaskHandler[id: 63; name: RUN_EPYTOPE_PREDICTION (11); status: RUNNING; exit: -; error: -; workDir: /home/samuel/Documents/UNILA/sarscovHLAFoz/MutationPipeline/work/90/637ea42a9f711b5fe246e0af50bb91]
~> TaskHandler[id: 65; name: RUN_EPYTOPE_PREDICTION (12); status: RUNNING; exit: -; error: -; workDir: /home/samuel/Documents/UNILA/sarscovHLAFoz/MutationPipeline/work/c4/3c60b1168f344310e78dc53fad5193]
~> TaskHandler[id: 70; name: RUN_EPYTOPE_PREDICTION (13); status: RUNNING; exit: -; error: -; workDir: /home/samuel/Documents/UNILA/sarscovHLAFoz/MutationPipeline/work/99/0c2702d3a609342744a2d02e6222e2]
~> TaskHandler[id: 77; name: RUN_EPYTOPE_PREDICTION (14); status: RUNNING; exit: -; error: -; workDir: /home/samuel/Documents/UNILA/sarscovHLAFoz/MutationPipeline/work/90/dbe30b9e0a15eb4e863f70d657320b]
Feb-20 21:25:47.053 [Task submitter] DEBUG n.processor.TaskPollingMonitor - %% executor local > tasks in the submission queue: 7 -- tasks to be submitted are shown below
~> TaskHandler[id: 79; name: RUN_EPYTOPE_PREDICTION (15); status: NEW; exit: -; error: -; workDir: /home/samuel/Documents/UNILA/sarscovHLAFoz/MutationPipeline/work/a8/6c5f8c70ca3938f5ea1dc86a31b8d6]
~> TaskHandler[id: 80; name: RUN_EPYTOPE_PREDICTION (16); status: NEW; exit: -; error: -; workDir: /home/samuel/Documents/UNILA/sarscovHLAFoz/MutationPipeline/work/54/1698175a3b83f277091cf561e18658]
~> TaskHandler[id: 83; name: RUN_EPYTOPE_PREDICTION (17); status: NEW; exit: -; error: -; workDir: /home/samuel/Documents/UNILA/sarscovHLAFoz/MutationPipeline/work/c3/bd5de5837d642bb25ffe46602c2463]
~> TaskHandler[id: 84; name: RUN_EPYTOPE_PREDICTION (18); status: NEW; exit: -; error: -; workDir: /home/samuel/Documents/UNILA/sarscovHLAFoz/MutationPipeline/work/95/55296320c4182090599124358033c5]
~> TaskHandler[id: 85; name: RUN_EPYTOPE_PREDICTION (19); status: NEW; exit: -; error: -; workDir: /home/samuel/Documents/UNILA/sarscovHLAFoz/MutationPipeline/work/90/986d87b46f57f049639dc7e3d51039]
~> TaskHandler[id: 86; name: RUN_EPYTOPE_PREDICTION (20); status: NEW; exit: -; error: -; workDir: /home/samuel/Documents/UNILA/sarscovHLAFoz/MutationPipeline/work/cf/827311d47adbdab3b402cdcc542f42]
~> TaskHandler[id: 87; name: RUN_EPYTOPE_PREDICTION (21); status: NEW; exit: -; error: -; workDir: /home/samuel/Documents/UNILA/sarscovHLAFoz/MutationPipeline/work/6e/04a923d7b8a6275c7a56df7ad3cc83]
Feb-20 21:26:57.512 [Task monitor] DEBUG n.processor.TaskPollingMonitor - Task completed > TaskHandler[id: 77; name: RUN_EPYTOPE_PREDICTION (14); status: COMPLETED; exit: 0; error: -; workDir: /home/samuel/Documents/UNILA/sarscovHLAFoz/MutationPipeline/work/90/dbe30b9e0a15eb4e863f70d657320b]
Feb-20 21:26:57.516 [Task submitter] DEBUG n.executor.local.LocalTaskHandler - Launch cmd line: /bin/bash -ue .command.run
Feb-20 21:26:57.523 [Task submitter] INFO  nextflow.Session - [a8/6c5f8c] Submitted process > RUN_EPYTOPE_PREDICTION (15)
Feb-20 21:27:31.503 [Task monitor] DEBUG n.processor.TaskPollingMonitor - Task completed > TaskHandler[id: 63; name: RUN_EPYTOPE_PREDICTION (11); status: COMPLETED; exit: 0; error: -; workDir: /home/samuel/Documents/UNILA/sarscovHLAFoz/MutationPipeline/work/90/637ea42a9f711b5fe246e0af50bb91]
Feb-20 21:27:31.507 [Task submitter] DEBUG n.executor.local.LocalTaskHandler - Launch cmd line: /bin/bash -ue .command.run
Feb-20 21:27:31.517 [Task submitter] INFO  nextflow.Session - [54/169817] Submitted process > RUN_EPYTOPE_PREDICTION (16)
Feb-20 21:29:01.040 [Task monitor] DEBUG n.processor.TaskPollingMonitor - Task completed > TaskHandler[id: 70; name: RUN_EPYTOPE_PREDICTION (13); status: COMPLETED; exit: 0; error: -; workDir: /home/samuel/Documents/UNILA/sarscovHLAFoz/MutationPipeline/work/99/0c2702d3a609342744a2d02e6222e2]
Feb-20 21:29:01.043 [Task submitter] DEBUG n.executor.local.LocalTaskHandler - Launch cmd line: /bin/bash -ue .command.run
Feb-20 21:29:01.043 [Task submitter] INFO  nextflow.Session - [c3/bd5de5] Submitted process > RUN_EPYTOPE_PREDICTION (17)
Feb-20 21:30:25.662 [Task monitor] DEBUG n.processor.TaskPollingMonitor - Task completed > TaskHandler[id: 79; name: RUN_EPYTOPE_PREDICTION (15); status: COMPLETED; exit: 0; error: -; workDir: /home/samuel/Documents/UNILA/sarscovHLAFoz/MutationPipeline/work/a8/6c5f8c70ca3938f5ea1dc86a31b8d6]
Feb-20 21:30:25.665 [Task submitter] DEBUG n.executor.local.LocalTaskHandler - Launch cmd line: /bin/bash -ue .command.run
Feb-20 21:30:25.665 [Task submitter] INFO  nextflow.Session - [95/552963] Submitted process > RUN_EPYTOPE_PREDICTION (18)
Feb-20 21:30:44.497 [Task monitor] DEBUG n.processor.TaskPollingMonitor - !! executor local > tasks to be completed: 4 -- submitted tasks are shown below
~> TaskHandler[id: 65; name: RUN_EPYTOPE_PREDICTION (12); status: RUNNING; exit: -; error: -; workDir: /home/samuel/Documents/UNILA/sarscovHLAFoz/MutationPipeline/work/c4/3c60b1168f344310e78dc53fad5193]
~> TaskHandler[id: 80; name: RUN_EPYTOPE_PREDICTION (16); status: RUNNING; exit: -; error: -; workDir: /home/samuel/Documents/UNILA/sarscovHLAFoz/MutationPipeline/work/54/1698175a3b83f277091cf561e18658]
~> TaskHandler[id: 83; name: RUN_EPYTOPE_PREDICTION (17); status: RUNNING; exit: -; error: -; workDir: /home/samuel/Documents/UNILA/sarscovHLAFoz/MutationPipeline/work/c3/bd5de5837d642bb25ffe46602c2463]
~> TaskHandler[id: 84; name: RUN_EPYTOPE_PREDICTION (18); status: RUNNING; exit: -; error: -; workDir: /home/samuel/Documents/UNILA/sarscovHLAFoz/MutationPipeline/work/95/55296320c4182090599124358033c5]
Feb-20 21:30:47.672 [Task submitter] DEBUG n.processor.TaskPollingMonitor - %% executor local > tasks in the submission queue: 3 -- tasks to be submitted are shown below
~> TaskHandler[id: 85; name: RUN_EPYTOPE_PREDICTION (19); status: NEW; exit: -; error: -; workDir: /home/samuel/Documents/UNILA/sarscovHLAFoz/MutationPipeline/work/90/986d87b46f57f049639dc7e3d51039]
~> TaskHandler[id: 86; name: RUN_EPYTOPE_PREDICTION (20); status: NEW; exit: -; error: -; workDir: /home/samuel/Documents/UNILA/sarscovHLAFoz/MutationPipeline/work/cf/827311d47adbdab3b402cdcc542f42]
~> TaskHandler[id: 87; name: RUN_EPYTOPE_PREDICTION (21); status: NEW; exit: -; error: -; workDir: /home/samuel/Documents/UNILA/sarscovHLAFoz/MutationPipeline/work/6e/04a923d7b8a6275c7a56df7ad3cc83]
Feb-20 21:31:31.539 [Task monitor] DEBUG n.processor.TaskPollingMonitor - Task completed > TaskHandler[id: 84; name: RUN_EPYTOPE_PREDICTION (18); status: COMPLETED; exit: 0; error: -; workDir: /home/samuel/Documents/UNILA/sarscovHLAFoz/MutationPipeline/work/95/55296320c4182090599124358033c5]
Feb-20 21:31:31.543 [Task submitter] DEBUG n.executor.local.LocalTaskHandler - Launch cmd line: /bin/bash -ue .command.run
Feb-20 21:31:31.544 [Task submitter] INFO  nextflow.Session - [90/986d87] Submitted process > RUN_EPYTOPE_PREDICTION (19)
Feb-20 21:32:43.997 [Task monitor] DEBUG n.processor.TaskPollingMonitor - Task completed > TaskHandler[id: 80; name: RUN_EPYTOPE_PREDICTION (16); status: COMPLETED; exit: 0; error: -; workDir: /home/samuel/Documents/UNILA/sarscovHLAFoz/MutationPipeline/work/54/1698175a3b83f277091cf561e18658]
Feb-20 21:32:44.000 [Task submitter] DEBUG n.executor.local.LocalTaskHandler - Launch cmd line: /bin/bash -ue .command.run
Feb-20 21:32:44.000 [Task submitter] INFO  nextflow.Session - [cf/827311] Submitted process > RUN_EPYTOPE_PREDICTION (20)
Feb-20 21:34:01.213 [Task monitor] DEBUG n.processor.TaskPollingMonitor - Task completed > TaskHandler[id: 83; name: RUN_EPYTOPE_PREDICTION (17); status: COMPLETED; exit: 0; error: -; workDir: /home/samuel/Documents/UNILA/sarscovHLAFoz/MutationPipeline/work/c3/bd5de5837d642bb25ffe46602c2463]
Feb-20 21:34:01.218 [Task submitter] DEBUG n.executor.local.LocalTaskHandler - Launch cmd line: /bin/bash -ue .command.run
Feb-20 21:34:01.218 [Task submitter] INFO  nextflow.Session - [6e/04a923] Submitted process > RUN_EPYTOPE_PREDICTION (21)
Feb-20 21:34:14.115 [Task monitor] DEBUG n.processor.TaskPollingMonitor - Task completed > TaskHandler[id: 85; name: RUN_EPYTOPE_PREDICTION (19); status: COMPLETED; exit: 0; error: -; workDir: /home/samuel/Documents/UNILA/sarscovHLAFoz/MutationPipeline/work/90/986d87b46f57f049639dc7e3d51039]
Feb-20 21:34:46.307 [Task monitor] DEBUG n.processor.TaskPollingMonitor - Task completed > TaskHandler[id: 86; name: RUN_EPYTOPE_PREDICTION (20); status: COMPLETED; exit: 0; error: -; workDir: /home/samuel/Documents/UNILA/sarscovHLAFoz/MutationPipeline/work/cf/827311d47adbdab3b402cdcc542f42]
Feb-20 21:35:34.011 [Task monitor] DEBUG n.processor.TaskPollingMonitor - Task completed > TaskHandler[id: 87; name: RUN_EPYTOPE_PREDICTION (21); status: COMPLETED; exit: 0; error: -; workDir: /home/samuel/Documents/UNILA/sarscovHLAFoz/MutationPipeline/work/6e/04a923d7b8a6275c7a56df7ad3cc83]
Feb-20 21:35:44.529 [Task monitor] DEBUG n.processor.TaskPollingMonitor - !! executor local > tasks to be completed: 1 -- submitted tasks are shown below
~> TaskHandler[id: 65; name: RUN_EPYTOPE_PREDICTION (12); status: RUNNING; exit: -; error: -; workDir: /home/samuel/Documents/UNILA/sarscovHLAFoz/MutationPipeline/work/c4/3c60b1168f344310e78dc53fad5193]
Feb-20 21:38:09.776 [Task monitor] DEBUG n.processor.TaskPollingMonitor - Task completed > TaskHandler[id: 65; name: RUN_EPYTOPE_PREDICTION (12); status: COMPLETED; exit: 0; error: -; workDir: /home/samuel/Documents/UNILA/sarscovHLAFoz/MutationPipeline/work/c4/3c60b1168f344310e78dc53fad5193]
Feb-20 21:38:09.799 [main] DEBUG nextflow.Session - Session await > all processes finished
Feb-20 21:38:09.880 [Task monitor] DEBUG n.processor.TaskPollingMonitor - <<< barrier arrives (monitor: local) - terminating tasks monitor poll loop
Feb-20 21:38:09.881 [main] DEBUG nextflow.Session - Session await > all barriers passed
Feb-20 21:38:09.891 [main] DEBUG nextflow.util.ThreadPoolManager - Thread pool 'PublishDir' shutdown completed (hard=false)
Feb-20 21:38:09.911 [main] DEBUG n.trace.WorkflowStatsObserver - Workflow completed > WorkflowStats[succeededCount=21; failedCount=0; ignoredCount=0; cachedCount=66; pendingCount=0; submittedCount=0; runningCount=0; retriesCount=0; abortedCount=0; succeedDuration=1h 39m 40s; failedDuration=0ms; cachedDuration=10m 21s;loadCpus=0; loadMemory=0; peakRunning=4; peakCpus=4; peakMemory=0; ]
Feb-20 21:38:10.041 [main] DEBUG nextflow.cache.CacheDB - Closing CacheDB done
Feb-20 21:38:10.091 [main] DEBUG nextflow.util.ThreadPoolManager - Thread pool 'FileTransfer' shutdown completed (hard=false)
Feb-20 21:38:10.092 [main] DEBUG nextflow.script.ScriptRunner - > Execution complete -- Goodbye
