Loading required package: renv

Attaching package: ‘renv’

The following objects are masked from ‘package:stats’:

    embed, update

The following objects are masked from ‘package:utils’:

    history, upgrade

The following objects are masked from ‘package:base’:

    autoload, load, remove

Loading required package: devtools
Loading required package: usethis

Attaching package: ‘devtools’

The following object is masked from ‘package:renv’:

    install

Loading required package: readr
Loading required package: GISAIDR

Attaching package: ‘GISAIDR’

The following object is masked from ‘package:utils’:

    timestamp

Warning message:
package ‘usethis’ was built under R version 4.2.3 
Error in send_request(method = "POST", data = data) : Server error!
Calls: login -> send_request
In addition: Warning message:
In send_request(method = "POST", data = data) :
  An error occurred while trying to POST https://www.epicov.org/epi3/frontend?
Execution halted
